<<<<<<< HEAD
2 216 155
2 167 11
2 0 71
2 180 288
3 33 46 173
3 179 26 16
3 65 197 9
3 116 124 293
2 296 176
3 168 204 252
2 54 223
4 34 128 73 149
2 108 111
2 85 265
4 275 239 199 106
3 87 27 240
2 41 271
3 184 185 165
7 164 3 291 115 17 231 178
3 249 45 120
3 99 174 119
3 212 55 278
3 110 121 151
2 88 68
2 75 215
3 103 235 97
2 80 35
3 72 295 186
3 4 217 12
3 8 146 228
4 7 40 248 135
2 294 83
2 148 201
3 134 244 47
2 162 101
2 259 194
3 159 195 145
3 286 32 48
4 246 241 264 49
4 299 277 6 256
3 203 287 169
5 24 53 281 138 274
4 133 22 238 77
3 210 50 279
3 62 269 206
2 161 266
2 127 289
2 13 242
2 260 219
2 276 131
3 136 61 142
3 220 202 196
3 92 190 247
2 95 59
3 58 209 251
2 137 243
3 290 255 229
3 227 253 70
4 193 284 192 183
3 15 139 123
3 218 117 181
2 273 25
4 150 23 66 297
2 285 67
5 225 172 157 31 84
3 107 93 250
3 74 42 2
3 144 177 37
3 56 214 141
3 105 237 94
3 18 170 132
4 171 236 100 153
4 187 28 76 30
3 263 282 233
3 38 102 112
3 63 20 257
3 125 147 43
2 156 262
3 261 82 104
3 60 298 126
3 200 207 1
3 57 158 152
3 19 90 154
3 198 191 10
1 213
5 267 29 163 182 175
4 44 14 280 143
4 129 64 160 272
3 79 89 211
2 245 98
3 226 5 69
3 21 118 292
3 113 109 78
2 224 205
3 91 86 140
4 232 254 81 189
6 166 230 222 122 258 130
4 96 51 270 208
3 188 268 114
3 39 283 52
=======
3 216 53 181
3 167 277 219
3 0 281 35
3 180 32 199
3 33 230 20
3 179 174 255
3 65 282 238
3 116 29 265
3 296 214 196
3 168 128 223
3 54 284 31
3 34 102 266
3 108 28 242
3 85 241 250
3 275 244 292
3 87 172 78
3 41 40 264
3 184 204 106
3 164 217 51
3 249 146 12
3 99 239 289
3 212 121 115
3 110 222 152
3 88 202 55
3 75 185 155
3 103 14 141
3 80 64 59
3 72 122 182
3 4 271 67
3 8 82 104
3 7 50 145
3 294 68 192
3 148 157 142
3 134 254 71
3 162 295 43
3 259 111 176
3 159 158 280
3 286 26 154
3 246 268 228
3 299 243 66
3 203 207 252
3 24 209 100
3 133 236 215
3 210 11 17
3 62 3 288
3 161 27 297
3 127 86 30
3 13 258 120
3 260 170 126
3 276 89 256
3 136 253 206
3 220 191 251
3 92 61 262
3 95 163 47
3 58 177 231
3 137 298 279
3 290 160 186
3 227 117 97
3 193 109 233
3 15 197 229
3 218 73 272
3 273 195 143
3 150 237 37
3 285 22 240
3 225 23 1
3 107 114 194
3 74 140 270
3 144 48 135
3 56 6 69
3 105 147 46
3 18 269 94
3 171 190 123
3 187 76 293
3 263 42 189
3 38 90 208
3 63 101 178
3 125 283 49
3 156 25 84
3 261 10 153
3 60 93 278
3 200 235 173
3 57 70 9
3 19 131 77
3 198 119 52
3 213 201 257
3 267 83 211
3 44 118 151
3 129 287 247
3 79 138 149
3 245 5 169
3 226 81 132
3 21 98 274
3 113 16 175
3 224 139 2
3 91 124 165
3 232 205 183
3 166 248 130
2 96 45
2 188 291
2 39 112
>>>>>>> origin/master
