16 84 7948 4620 9718 9870 6754 7960 3598 4822 8202 1442 4303 314 8508 749 7789
32 88 6404 2915 8434 956 57 6438 6305 8188 7643 5070 3874 3450 6223 7164 4033 2837 3009 2777 5747 3000 7656 1214 1083 6499 3964 4408 3671 2833 4157 4332 8480
34 187 4437 6804 5507 7874 6984 2799 6638 7364 5170 553 1220 6393 6808 4642 880 2923 9554 8656 9331 9828 3448 7995 8181 7578 2496 3771 3515 8924 7859 4337 1602 1261 247
29 303 9595 5996 7379 7191 691 711 4249 6140 4539 1590 1310 3763 1857 985 9730 5257 2267 5585 5898 7671 3803 3084 9814 1935 6973 9215 9396 2271
15 474 9559 9349 7167 1470 2141 9934 1339 1893 7509 8468 662 8232 4140 3402
27 568 4624 2036 7628 6078 4256 1725 40 7080 3372 9574 1592 6743 7178 1283 6542 2461 5478 9772 1336 7079 7611 937 7154 7289 4013 2530
33 677 1227 5213 3196 5654 7465 5955 9620 241 7448 2797 3373 7812 2906 137 8883 6064 1411 6205 8842 6755 4501 8704 8600 2475 7526 5784 2194 2067 5669 4242 9764 1359
23 719 2220 7592 6868 6866 7077 8748 6830 8813 6504 1806 6628 1237 8885 1107 4022 644 7251 7606 3417 1961 6559 6479
13 1066 3333 4200 2566 6220 4587 9538 1319 9358 6116 943 6050 820
23 1178 2867 7339 9859 1264 6839 8547 8540 1499 3748 1450 8565 9572 6709 3081 7858 6524 8032 33 6401 7600 5931 6127
28 1209 9556 8803 7685 2140 5069 2653 6484 5001 9303 2417 3121 8004 2861 2308 6801 7240 2918 4110 7 3303 9525 2014 2747 7977 1473 424 8618
27 1315 9052 4109 332 9164 2663 1281 9647 9928 3648 6907 8072 8017 3593 274 6862 4217 5733 6948 6174 3244 9664 5807 2380 7033 5781 766
22 1335 4208 1869 4228 1465 7232 572 1355 8555 1509 8324 9836 8798 5302 7222 9287 9257 4052 9938 6750 5415 1134
22 1515 1689 6473 5156 3366 4555 300 2011 2388 9228 9701 281 6301 7796 6488 3999 4941 5141 2606 4049 2243 6439
22 1543 5808 9851 1054 318 9527 7682 9948 244 8800 1785 4993 2749 974 7760 8919 341 9775 8613 4040 231 1300
36 1560 3541 9105 4028 6927 4017 9195 6374 5100 6460 4559 8764 5314 4809 537 7552 9080 7405 9395 8583 3599 4513 9034 8457 4216 7038 9777 7300 1219 5922 1120 8320 4424 587 980 3975
30 1757 166 6168 7430 4666 2180 9923 6132 4415 1117 6885 3271 3454 5880 5911 6083 4890 4429 9967 7802 9021 9509 6071 5745 1380 7437 6317 3095 5563 1087
21 1992 1363 3915 5662 7096 2377 7274 6999 7749 1844 340 9892 3034 8777 2372 7947 3180 6151 3860 8120 7058
24 2135 3990 533 3220 5228 7477 990 4699 3930 6932 3584 857 3845 5864 5032 5986 2099 9501 8756 2812 4570 797 7496 9990
21 2356 6150 8146 6749 6340 2696 5082 5713 1862 3099 5465 9319 6211 3443 9302 527 7626 1525 2528 9387 8430
31 2432 3236 3849 2783 2639 9130 4709 106 1004 7145 7542 65 9321 740 1307 4881 7860 8107 7107 1769 3659 1816 75 2168 6472 3175 9921 3327 3264 1082 5629
37 2519 5358 9320 6410 5566 290 3414 5674 7425 5298 7564 3421 4866 8103 5462 1461 2737 8976 357 7007 1832 6137 2793 963 3076 6382 3953 1742 573 1161 5432 3260 7412 8251 5647 8701 6260
26 2571 3257 7580 3199 982 9202 595 120 9408 3429 3157 6681 202 3772 4486 4457 4044 7529 4368 361 4025 7371 6588 9522 7678 8874
29 2695 457 8747 986 9276 3315 4491 9073 3905 1715 9778 7547 9231 3262 9239 2294 2462 4187 7973 8944 4923 4304 4480 6022 486 7953 360 9717 8119
22 2920 8965 76 6680 3470 6602 2768 3521 3374 7675 3059 2484 1032 8744 4465 8908 2114 9280 6019 4220 295 5665
19 2949 7889 874 7870 3594 9410 8094 2505 886 7143 4496 4772 9205 1714 2939 6725 9609 3229 5501
30 3156 7114 9627 6718 9680 9579 6593 6582 890 5329 4675 4055 9879 8544 1275 6617 9162 4345 5195 8436 4960 1155 3563 1744 389 3715 6685 5896 3559 8700
17 3253 3160 7927 4826 8681 6985 531 9981 2160 156 8687 5323 9482 1922 6686 3284 2225
17 3580 428 665 8940 1215 2480 3829 8952 9160 754 9139 8906 6829 2430 3868 4390 8718
25 3629 4352 8804 8378 9186 5981 2364 7853 1974 3920 8812 9969 8399 5802 785 191 9942 1848 1662 944 5204 1514 2656 1962 6494
26 3696 5160 8266 2397 6800 384 4251 5309 7635 8954 6827 8875 2226 838 393 1076 2223 8802 6341 8441 2252 5460 1599 6533 7356 2897
17 3869 7287 2788 4717 6268 5700 8446 7949 2444 338 4988 8750 3709 4926 3100 6275 5578
18 4008 3655 3426 497 376 9165 7344 6331 2164 2907 4981 2042 2959 9716 5565 9533 3560 3032
16 4078 7355 1716 2246 4470 6353 1534 6629 4947 8628 2445 2262 4633 4998 9290 8070
31 4094 7140 1024 5090 2261 5593 7282 5603 8953 6562 412 9351 1624 2532 1519 7331 28 3545 94 8778 7031 3726 4169 4763 2301 1419 4399 7717 9210 5973 4320
29 4309 2106 5006 3017 1111 6480 1325 377 550 5373 8291 9658 2358 3352 3437 4262 5906 7844 2255 1574 5144 3273 99 6702 2458 7950 3310 898 998
34 4377 6662 7314 1386 7686 7692 1886 2745 2386 7456 4623 716 938 5094 8431 7538 2325 663 4950 9181 7598 1224 3955 7893 647 6233 5066 1426 2815 436 5760 3400 8001 4120
20 4435 6536 8682 5371 3436 6292 3182 678 3316 5929 5292 8343 4218 5705 3827 1938 6035 9765 20 9796
22 4525 7020 3073 2132 4645 8523 5553 1761 3973 5722 1502 2712 7706 8392 3713 1615 7089 468 4600 3837 9861 5254
18 4839 3640 6192 5757 3632 3615 9832 4986 4607 2979 353 5967 7221 1831 3757 2498 4646 4793
19 5018 5572 326 2856 8093 4297 4205 5695 9570 8245 2796 320 4440 1555 6992 3800 8000 1547 7795
9 5299 5991 4843 4365 3212 2887 5404 5361 7713
34 5335 5615 9255 2425 210 6601 4021 5853 2044 2406 9822 3751 3714 3416 728 9072 8512 1533 3943 2127 8537 1063 6867 1987 2746 9689 2307 2905 7863 4393 2185 2138 7586 5020
31 5440 7320 5214 4153 3795 6474 208 881 5193 6367 8316 5569 3498 9433 612 7462 9225 7510 4804 6014 5950 3725 903 6295 5297 3206 3056 2491 3304 9317 8113
26 5868 608 4673 4657 7438 9177 8263 7829 2898 5610 8819 4964 4770 3016 2190 1538 8525 8469 9924 6586 4672 4545 712 4162 8226 6350
23 5970 2512 3991 9947 9625 7034 7840 5409 560 3904 6659 7234 1891 8511 8918 724 3847 4489 386 6517 4273 6595 5174
29 6002 666 843 8014 8051 6683 7689 6713 3959 2478 7798 1901 8336 3917 5196 6303 5378 9332 7473 8514 8716 1149 8130 901 1278 6959 1898 9214 7467
11 6031 9357 8809 310 4076 5568 1449 2336 1763 8356 4417
23 6252 286 3314 2630 5768 5092 9941 594 5093 3873 2451 798 2803 653 2638 6899 7127 7369 5431 2961 3719 4803 9766
26 6403 8970 7466 2565 2958 4802 8741 2501 2109 8549 2721 676 1853 6637 9245 2932 418 2987 7338 2490 4463 7184 9781 9095 447 5125
34 6412 9401 4164 7876 9634 5539 8854 4485 1441 8228 7068 9632 2184 9881 9724 2229 5411 1123 4473 2153 2762 9148 5157 8294 9966 7212 9903 6781 7756 228 4860 5544 4172 6665
28 6466 627 4255 9042 1474 4872 2969 5064 6571 6201 9114 7757 2431 534 5852 1606 723 1730 6549 237 7157 2624 9309 1617 6594 831 1701 2597
18 6670 271 4080 1272 2787 7663 7043 5426 9238 8148 9987 2438 683 5780 2572 5638 1998 3850
30 6783 9090 7574 417 1460 9949 1369 1583 1523 6094 6865 7508 5534 9810 5133 889 5313 4903 8250 9868 2339 308 4315 5368 6998 2113 5047 1677 391 2724
21 7013 7823 6462 453 7260 1920 1622 814 4572 6626 4671 4943 4108 5037 4375 8275 7183 234 8137 3589 9536
27 7109 3746 4278 5564 2043 5998 9324 5305 6085 9583 5810 2348 9933 5035 205 3217 3087 8558 8985 6768 9606 1552 9642 2423 4904 8098 3528
28 7399 3067 6669 1550 8085 8530 4585 92 3169 5045 934 7873 1179 4159 4072 6378 3115 1626 7658 882 7261 6136 8222 5003 9494 8641 4319 1558
23 7463 7455 8073 5602 7494 7245 2404 2640 8996 8023 4550 7809 6299 4900 158 8349 9529 9206 1280 7888 5044 9714 7410
26 7475 2589 1267 5668 3112 102 6643 9466 105 2407 4301 5963 6077 8930 3365 4827 1807 3852 7495 747 3280 562 2161 1060 329 8331
21 7928 3596 2293 364 1431 3767 8359 9683 363 8016 8318 5736 9995 925 9404 3268 4726 4508 2877 4901 8606
16 7956 9459 686 6776 9489 8117 7304 3911 5897 8100 4516 1403 1301 8482 4490 2055
16 7965 7612 8566 3200 4020 3789 5628 6744 9785 6312 3392 3824 2306 6143 1293 722
33 8175 789 9104 267 4318 1079 9737 4227 2702 8033 1466 8134 8063 9378 8470 5958 7904 5956 6608 7313 9233 3935 3881 2868 1401 7139 5126 9599 9601 4308 7391 1614 9176
31 8292 5189 482 7226 7492 6512 39 8288 4832 3295 7065 7645 5537 4190 3856 1382 2785 9389 1183 6154 1704 6232 324 9243 7423 7530 2103 3677 1699 8375 2276
31 8310 5227 7704 892 5771 95 4405 8037 9159 5014 508 1643 4293 1096 947 5804 5385 3256 6996 4454 4621 9372 6687 9066 8206 971 5337 1366 4780 783 89
20 8640 4959 3202 7189 9506 139 6636 1828 4579 451 6980 7970 2120 5788 8999 3627 7964 3641 4554 2463
18 8773 2281 2513 2037 3292 1277 7939 4663 4521 9218 2545 2282 6704 7420 7667 6887 5776 1114
26 9313 2642 1580 164 5267 9134 9381 2966 6238 2413 1068 6525 1370 6091 4945 2674 4933 5618 6599 3733 4129 6302 3128 8858 7524 7533
28 9393 1384 3291 5915 523 3731 7712 1612 7627 1702 243 1770 7974 3360 8668 6660 8443 8660 5946 7144 9905 4864 3932 6477 5551 2847 906 3723
35 9707 9406 4648 1260 7193 3435 2930 8695 4792 175 5031 8401 1791 7898 1747 5715 3241 7788 2398 3397 6590 9423 1358 6362 1162 6732 3063 7481 4434 4530 469 3652 3042 8898 1510
14 9913 8030 4664 9655 2045 6902 6930 1855 7519 3745 5812 5604 5029 5606
26 2465 2714 3068 9252 6699 3550 3689 3913 2084 7354 7848 8234 2733 2088 6937 3209 5940 4462 4294 68 4551 7343 2998 758 8057 6111
25 9976 4428 5517 1997 830 4940 3760 3489 8779 3982 1164 1611 4478 5164 3132 8474 5418 7644 8066 522 2251 221 5811 1341 464
22 4379 7792 3362 7562 7078 5134 5143 5444 5574 1764 3309 8418 9391 9007 5617 7087 188 3863 8123 5720 144 4186
19 3607 3138 3875 3605 266 3433 3205 8981 8968 6543 3590 8231 2579 9115 1608 4599 3705 3535 8556
30 5497 1414 2742 933 9116 2927 3082 9475 6274 967 1799 3173 9230 3293 732 1882 7098 7753 1457 605 5842 2625 7539 4702 2985 7489 7035 9669 3656 5953
18 9847 1973 3247 8610 3225 9275 6802 9312 1856 9047 5414 9099 8276 6606 5439 5978 8265 4799
27 8878 141 3770 7729 1309 1752 9584 9298 6619 6726 7021 909 9403 4597 6478 7536 5930 9315 7244 6797 8012 5965 9999 756 8091 5294 6453
36 9752 8020 9806 7867 8079 8831 1245 1349 6893 6066 5702 2515 1947 5201 4515 8105 4128 1435 9193 6803 9416 2215 6054 3320 3301 6040 6487 5531 9154 7722 3987 5446 6789 170 2659 9430
23 2735 9602 2074 7698 6076 4636 2885 6910 3070 490 7750 5379 8616 1235 1322 5921 7504 8330 6496 9493 6521 9776 3643
32 9084 277 9628 4207 4137 8194 7730 826 3609 1710 6386 959 3992 8492 9460 4970 1340 9175 6738 4932 3344 179 5774 1091 7218 8386 1133 5435 1847 4506 5857 142
11 7429 8158 1221 35 992 2591 8846 4240 8408 5028 1344
21 7657 6455 7637 601 4029 9127 1817 8045 4849 2149 1007 3937 8751 5927 4431 4484 9266 7310 5817 1579 9172
18 4090 7129 4575 7631 2518 4520 8491 3722 1308 9083 8669 6539 7047 1696 3018 8727 8710 5859
26 3442 2422 8835 7572 6413 4658 3493 4713 8860 1110 5526 4031 2875 2023 4564 536 6253 2621 7266 2218 5389 3323 9697 8824 3836 4844
29 5693 3910 3475 3906 4615 7342 8585 4117 808 4085 2228 9508 1822 5122 9709 2756 456 7071 1839 2239 5118 9904 7225 6792 9660 2550 9486 9024 2609
27 672 6745 5169 2270 5879 3851 7366 7900 4734 4329 2012 2895 5109 4023 3769 7105 6624 1694 6394 1788 3626 9668 4976 8308 566 9517 7472
25 6822 6377 2439 8383 9783 5694 1345 5216 809 2644 6855 5490 4333 3431 426 2083 345 4589 480 1158 2879 3792 2623 3335 2032
24 4494 4935 8198 3411 3585 2212 7701 5104 433 3686 414 6530 2389 4191 337 1205 8677 5752 6520 7214 6177 2502 5253 9380
30 549 8536 1491 3583 5751 772 7457 9896 4784 5386 3285 2319 8974 2506 4092 3359 7549 34 1836 344 1131 5912 4422 834 8364 5316 1408 4522 8083 638
27 9619 1635 530 41 4225 119 2382 5601 6272 7595 1768 9031 7872 4821 1897 7672 4136 1690 1289 2003 6315 923 1497 8648 6943 3965 6819
30 1305 1170 8376 3334 152 8236 9100 1511 6082 254 352 4689 2359 3251 78 9091 7179 2682 3704 2816 2466 3900 3504 5928 9340 6007 1014 9220 7131 675
31 9563 128 9487 9795 3542 1910 2654 5847 2122 1934 2021 6939 2205 1501 7024 6874 3152 3395 7982 5336 4650 4118 2701 7607 3427 3882 3040 8092 3703 2697 1642
22 6263 1773 730 2896 6647 9249 5259 4388 1964 5258 2269 5430 3497 3187 3456 7827 1044 5831 3957 5825 2839 7036
31 5192 4706 6786 4848 6475 895 169 942 9564 2355 6283 7275 1176 816 2051 3635 1116 8061 9958 8050 7852 5893 3822 3933 532 725 8983 3744 2865 1663 6441
29 3055 1995 3375 984 7665 3122 7907 7715 524 5250 1681 4562 7132 9278 7195 2560 6811 3577 2150 577 7652 5823 2202 4956 8913 5224 5533 5318 3562
28 1097 5491 4665 2649 753 2482 6313 7315 3465 4907 1104 2248 8366 3039 8108 1236 4135 8048 8215 5115 167 7981 6723 6592 8053 3252 7968 5891
29 4601 8489 513 199 5620 3116 8353 1436 1455 1297 7843 2179 9322 4899 6908 9355 5482 8969 7330 2688 5840 9453 1156 1172 9338 4510 4540 2608 6288
19 9003 8425 9137 7768 2573 3283 80 1925 110 4192 9125 764 6817 4230 540 3238 6080 8884 7641
30 2247 9274 8440 3938 3842 5627 5656 8367 646 7263 8909 9288 1433 1800 9779 5364 7588 5575 3330 2965 7449 4222 7247 3467 3831 2363 9414 2968 4534 1545
24 2015 1143 83 7935 3277 2947 8199 7800 8347 7500 9807 3318 9398 6330 4574 2588 4934 60 6631 1147 3522 5455 398 9326
24 4742 9820 3104 9804 5584 6618 9075 1459 8416 8904 5473 8307 4443 581 6763 8672 1650 5985 9887 6311 9168 5413 9977 7731
28 700 8586 3603 3783 4806 4035 1146 6138 9376 5689 6061 3242 8015 9422 9699 878 3806 2800 4306 6084 4447 8579 3460 9956 3734 7008 3046 437
17 423 1323 2718 283 6397 5479 3926 7747 631 3423 7204 7290 5894 1074 2814 778 2664
32 8518 8149 6924 2626 3947 1186 8609 8595 8493 1589 5105 4456 6684 8334 4591 1034 3660 7820 2354 8922 1678 4030 8084 3998 9016 8658 9719 5787 5949 302 4451 2773
23 1273 3430 1508 6398 1496 9242 2187 5116 6163 1257 9639 3496 501 936 7650 276 1796 2237 9170 6464 7233 6553 9803
24 8731 5510 368 3499 8895 5658 4075 2344 4382 1291 3738 5506 6126 4334 3730 6671 7596 1099 8568 5750 6209 488 3687 2922
29 6689 1447 1090 3830 9757 3036 5799 1487 7387 6344 6925 5062 2332 946 6226 5360 227 7302 760 8196 63 7378 1648 4598 781 1284 796 2130 3619
12 8890 5651 8958 42 7362 7540 5322 9793 8429 6853 1001 181
16 9514 3358 8721 9541 3968 5729 7797 8039 735 8047 111 5011 6088 679 2322 4158
22 2720 8736 3459 3176 1904 7444 7148 7363 4407 171 3130 9886 5805 9899 3006 2428 8497 7589 8456 8501 6207 6644
37 7861 3540 9543 6922 5351 6703 8368 6584 4913 4213 1458 4353 9789 5289 6157 4840 2116 5862 8361 8992 8442 7699 7272 8496 8172 6144 8570 9098 2249 9426 6828 9439 4700 6057 669 6073 6060
16 3090 7779 396 3624 897 4787 2086 9790 5154 7220 4471 5248 8580 7943 1247 1212
21 713 7553 8351 6029 1628 3502 8882 9394 4327 2810 458 1051 350 5340 6816 6891 3756 5851 5255 2951 5819
15 7936 6247 9963 2680 1198 4667 2758 9713 229 7869 7374 9711 1522 2441 5672
24 6277 7891 483 6615 7284 2345 1814 8242 1976 213 3777 9653 687 7027 3131 460 4922 8333 3488 390 1669 8948 1472 2586
24 203 5559 8692 5016 6574 5512 333 6813 5614 668 6791 628 9236 4488 6383 7159 7694 2349 8238 1118 2221 8690 5280 8350
19 5934 5480 4906 1551 8258 9425 8280 8478 868 1434 5936 931 7841 3934 2637 8451 2594 4759 2677
22 6901 9087 2681 5540 5240 6356 233 5188 6203 1756 2400 3065 8725 9571 2017 6977 9957 2236 9591 6229 3089 4557
28 6815 5387 4170 7638 4807 6141 66 9889 1023 2268 1905 3101 8476 7875 2587 5905 7997 8358 2744 2962 5822 9005 4413 6285 5499 4823 590 3569
38 7070 5112 6239 4703 950 8128 9171 823 2304 2817 6805 1412 4397 9268 2366 1810 9968 5268 9026 9798 1567 3391 2943 6027 905 4500 7199 848 1157 323 6300 1728 2767 6782 2238 7824 795 7986
21 4679 872 9269 6264 6429 6324 4524 4889 4381 8634 3558 9590 4668 8834 648 3349 1288 4905 455 8044 9227
31 5445 3575 1251 5516 3740 1686 8665 4477 2110 3790 9592 5670 6290 7651 1041 8127 5019 738 309 5498 5546 651 8269 7452 4083 5667 7618 8925 8538 4911 2273
19 1105 8719 6926 5730 5502 53 6509 727 8914 9261 1440 2258 4183 2822 2703 3035 5159 8808 5586
25 2883 6457 315 7446 1963 1222 4024 9897 2477 1896 6178 2910 8481 5442 126 1416 9335 1486 2350 3519 3804 5153 1244 835 5571
24 3817 6139 2436 3557 3038 4643 85 1968 1738 2128 9741 7267 8624 6234 8903 6773 1932 9400 1618 2283 2111 9530 6242 7404
28 9305 3409 1564 2167 2952 751 6336 3439 4989 9370 9226 7614 7594 9368 3967 7259 257 7505 7520 9594 6372 609 1413 9413 664 479 7074 1022
19 4059 3294 5332 8058 1790 2040 9474 6888 6363 9894 3088 3548 4504 7359 3978 8369 301 3591 2818
25 1138 2928 8382 4920 5347 146 3949 2753 5809 1330 3210 8218 639 5767 3011 4335 7099 2685 6572 2097 3670 3164 5067 6087 8069
26 5324 2006 2657 1986 2916 9497 4958 709 6237 4965 2393 5256 8830 5005 4698 6129 1409 3801 1919 9041 3581 2855 9373 6107 4769 240
35 1867 8979 4661 3512 849 7203 9742 4497 8560 7576 2107 2989 1188 1389 7624 4669 9421 5919 5522 8651 9598 8771 5412 885 1575 4676 9953 7739 810 6844 5623 2821 9369 5865 7460
26 4758 1778 1048 7415 1679 6696 6375 518 6262 4173 7605 972 220 1890 5 5765 270 1571 2692 3143 2361 763 8607 4962 7133 2544
21 311 2602 9478 3673 2052 8534 8935 293 4578 7385 3736 3908 1717 8852 9285 5319 5828 4812 1495 6788 1015
31 6381 5890 9045 439 6352 1797 645 4326 1211 5995 9438 8843 8027 9436 7018 8931 1262 7897 3412 7838 6988 2705 981 8765 6449 7349 5252 7073 8082 5637 5538
31 2917 864 8554 2570 2999 8671 9684 81 1364 463 9644 9361 2945 9029 8986 6204 1749 8946 3587 3956 2890 1858 3020 4161 2604 197 491 1680 6348 5547 5108
21 6706 817 3773 1399 5734 4715 1535 2214 8531 2820 571 3890 4283 7158 1213 6045 12 9818 5592 1718 4241
20 7957 5554 8448 1863 1557 4450 4971 9837 9074 387 1368 4701 7091 6527 9555 4310 1084 5058 8517 2508
28 769 7293 6849 8224 8614 1106 3194 6213 252 8780 1584 2272 6389 4768 8074 129 5675 450 43 6309 1732 3695 5236 1127 7833 1202 16 3288
21 519 1194 4409 5642 1324 5952 546 2395 4776 2054 3505 8111 1493 2004 8241 5333 8041 6646 2066 6516 6018
20 5717 3317 9586 5107 6537 6597 5835 2315 8502 7806 7004 4264 1395 7570 6940 3078 9877 1316 4336 978
29 4071 8323 8254 7174 2585 7816 7778 4561 8807 3925 9722 9136 6436 6187 9547 288 4674 1423 3383 5110 6611 3996 5145 4412 1802 5737 6433 5390 8022
28 606 3276 8449 4421 6069 5303 3119 1762 5579 7150 7474 5481 9300 9015 4219 2859 7599 9862 7095 2590 8632 3019 6688 7850 1665 5813 3107 737
27 8708 8557 2511 1313 1723 3807 4372 4862 5382 2568 2893 4125 4893 1037 4565 2494 6055 7622 5468 2514 6310 6284 9841 7559 1481 3533 2007
29 3549 7512 5425 4003 7994 7135 7118 1062 4328 6727 5211 1911 9994 866 6038 9867 4359 5763 6528 4389 4868 5269 3945 8 7138 7002 5939 3857 5173
25 7499 7711 6450 6547 9180 6570 3729 894 7340 9748 471 3927 7128 3517 3768 6766 1362 7821 9759 4808 2287 1972 3712 5046 9304
22 1776 3108 3114 1647 9037 1263 2076 7988 7770 9849 7490 7587 3377 887 2299 7773 5127 4261 371 6158 3929 1038
31 3307 8055 3510 5888 2235 5917 1902 3338 8694 4834 6067 52 402 2804 6591 3452 4771 5759 9791 3678 1675 9502 9931 6097 9203 7307 4226 7813 828 7766 4662
26 8477 1874 7513 8945 9720 9823 6898 6821 5042 8590 6513 6714 2563 2700 1945 7327 2911 7942 3151 7851 7022 603 9528 8982 6384 8122
19 6663 1593 6155 4088 7464 582 8775 7237 8576 5357 1444 7969 8498 6169 2331 588 1546 3064 9677
28 5235 739 9920 3191 6538 2776 4605 629 9440 4775 4924 7920 8799 6806 2636 2504 800 7707 7292 5975 3243 38 2759 1636 131 2277 2289 5646
32 5300 2641 8426 839 7934 225 292 6896 2394 1864 3228 833 4314 5486 7009 8961 2129 9774 3233 8247 870 5401 6691 2889 44 8483 6890 879 2145 8879 9461 3408
36 9409 3579 8629 5089 3786 9944 5829 1729 6729 9158 6946 6850 9143 235 2633 4518 1870 6522 9224 5166 9447 3503 9518 9323 6841 2022 2092 1445 7213 4760 1825 7136 8371 5055 3012 4156
30 8950 1804 5663 1 2217 2857 9424 4433 3752 3474 680 5391 7782 7958 96 9565 7887 6328 8900 2891 1483 6653 5129 2165 6986 8090 5652 1306 136 1410
29 3167 4223 6206 5120 8766 7380 4749 6989 6971 2667 2314 1595 4884 6610 2567 6289 3296 2476 4999 373 5030 2302 2094 7052 2683 6968 5436 7714 4103
26 563 3621 4449 862 6883 2713 4106 2765 8284 5728 3628 3195 8121 8776 5633 6568 4239 7828 8256 1517 1954 9067 5942 6845 2926 4955
27 9679 1630 4537 2782 6903 2464 8403 2209 6359 1302 2972 2234 698 1320 3201 6833 495 6308 3484 7061 5459 8183 2259 2554 3014 392 9916
32 768 1201 8042 3054 9262 91 7558 715 8820 4019 9221 2935 614 4316 1145 8539 3234 5681 1671 9488 335 5165 2158 569 7895 4178 9094 236 6417 822 3028 3259
33 5860 3049 2963 1421 4245 529 8785 7633 8956 9082 777 4426 2599 1073 1314 149 5320 305 7921 7961 1361 71 2146 4253 8714 7523 7597 8352 349 4735 6881 1758 2848
20 8758 3117 115 147 8987 355 2373 5523 6920 7972 3634 3118 5056 6099 2318 7617 4691 8279 430 2203
18 8670 3534 8437 7454 2284 4036 8427 6511 5945 8340 1404 3037 5447 7740 8836 2133 2329 7733
33 6916 8783 5237 8346 2605 8868 2181 6705 8529 5457 6579 8486 5123 8659 6104 5999 1741 3536 6556 6006 7153 5463 9108 3815 673 9124 8663 9013 6598 8797 8581 2408 9673
20 9888 6794 9636 4953 9392 8782 7915 5933 6921 1012 7006 5353 3894 8571 6869 2616 6506 9352 9491 7621
27 6807 8262 9768 5954 1949 7548 3124 7278 4384 6587 397 509 3476 4087 67 3 1468 3159 8246 5687 6960 5345 9061 9650 4606 8171 7223
24 2316 9985 4376 2577 2781 5043 5701 8243 1521 5441 7439 3506 2569 5755 8455 7053 8515 4994 8849 6876 6955 2073 7011 1378
33 2061 7319 615 3554 9002 2551 9035 2368 8164 8645 4853 3211 893 2309 7262 9593 4845 1078 6318 9510 9431 1265 3684 1505 1765 8604 6427 143 1739 1940 7951 2172 3346
19 5086 1605 8104 6360 3614 3231 8450 6880 6799 1783 2990 9739 4739 1165 4762 9961 2858 5223 3861
29 4058 4867 5562 2260 5764 6596 7142 924 4942 6486 7353 3455 6697 8971 7752 7294 6145 6500 7264 2792 8499 9885 755 3886 3274 8861 4079 5855 8453
28 4618 1883 9452 248 2881 2470 5724 4300 3434 4871 9980 6103 8871 8125 1464 3186 9542 8270 6332 3013 6180 3523 7517 2029 4952 5328 2709 2840
15 7929 150 977 8937 2385 9062 9346 4430 9079 8738 5106 8402 2993 6322 9827
25 7561 1010 2216 611 7847 4366 9132 459 3258 599 4939 3592 3221 5061 2955 4420 3226 4757 6065 4363 1641 1148 6481 8178 4929
37 7401 7230 2198 4016 6764 2250 8110 5913 4356 9641 1429 4767 2622 9299 4378 991 6122 4459 2087 619 8252 4004 4439 6632 3306 1103 1080 9271 8479 9145 3633 4918 2321 70 6364 8594 1003
14 2384 1071 5992 863 1140 6214 3179 4474 9787 2211 6676 9545 4348 7700
29 4855 5971 1625 975 989 9743 9065 1613 1246 9917 3473 9661 2789 701 4619 9616 5966 7388 2894 5286 3109 3889 9051 6701 8893 8888 5474 6458 9906
21 273 2603 1406 1524 5892 4938 2660 3376 5741 2047 9855 8388 5873 5843 2369 1478 9434 4054 4339 9918 2691
36 6831 7116 5060 6304 7086 7097 617 5766 871 5008 7822 7609 2151 4279 9213 4979 5904 812 3446 7418 9732 2303 551 4342 9973 3192 6761 4556 9296 8216 4731 6546 9850 2312 59 7161
22 9325 1860 4863 7883 2600 1529 2534 6605 7990 1894 3440 4146 6017 4814 8467 4743 4908 3002 5209 5833 0 4091
25 3444 567 4084 8219 4869 9738 7882 8938 4756 6962 5567 3044 8550 9800 8268 8140 90 5308 3053 7999 3142 682 556 6753 8131
19 5769 8227 6505 7352 9929 7322 6532 5993 7835 3407 101 2734 623 8602 7563 790 840 5790 5504
28 9140 5393 9282 4048 4944 1197 1271 4892 8150 3606 3339 2844 7130 8143 7556 8248 2672 5261 336 3177 407 1542 7484 2628 3184 8168 6365 7937
29 4948 6119 552 1565 9809 649 9566 9729 8237 3127 5692 5801 1075 589 5217 3960 5456 2030 3158 3649 3125 7639 8723 2503 1868 9467 6576 3185 3478
21 8703 1803 3675 7569 7370 1561 2601 9826 6581 3508 2524 4051 9161 7242 2379 1374 9648 8282 1966 4479 4292
17 117 109 6884 1206 5803 388 6114 9479 3877 5117 1629 5558 8387 2582 7060 1400 5886
27 7913 1182 7216 4195 454 2846 7392 3963 6678 1031 8833 2994 4265 6707 2279 7072 7584 3774 1661 7845 1556 8655 1354 4519 6015 6569 6241
33 6695 1637 2123 8588 5477 2731 8112 1587 8151 9263 6476 5550 7817 5394 3924 1980 6231 2139 7046 5520 9153 8753 1578 1657 7979 7774 4751 289 7268 3041 7409 7042 4432
34 7040 2738 5113 7357 209 6842 7884 5422 660 9033 8806 9101 7187 6904 576 8177 836 3551 4276 4681 4082 3091 570 1347 1122 4298 4458 49 4995 2298 4018 9937 1653 3043
29 3855 2536 8892 7567 4629 8761 74 8413 8662 9362 4625 9498 5249 5184 1229 8317 262 2038 287 6395 9399 5588 4005 8454 31 7818 635 8463 1304
30 3371 4833 8786 2305 1755 2105 4070 7615 1266 859 3413 4529 6267 1851 7738 1151 5152 4640 4193 5613 4010 966 7044 927 6979 1312 8138 5057 3984 5063
24 8329 7451 7347 5514 3691 4068 1695 7583 50 4560 5696 9788 207 5528 5177 642 2131 4928 6700 4813 58 6148 7649 7146
20 9675 328 2401 8521 5686 9179 1294 3482 9019 6609 174 8422 7039 296 2210 3080 6944 5874 9721 7252
21 6198 3424 7248 8348 7684 5582 366 9706 7125 6600 7695 7545 7336 548 6028 4199 7416 5198 7112 5758 7093
28 9449 1352 3181 4552 9652 987 6443 2841 5519 6235 1328 9397 1065 4730 4097 5383 1321 4719 9618 5492 2002 1878 5515 410 5138 5616 1137 4592
30 4307 477 5369 1527 1518 6771 1667 2059 7636 4503 4398 7515 2412 1566 5419 2913 27 7728 3144 5084 2650 1462 3071 5469 9771 4354 5077 579 9334 3120
32 375 5710 1276 2537 9557 761 4764 853 159 5437 4113 272 9056 4038 1394 232 1516 1854 2256 441 1451 3198 1036 8322 8011 2807 2704 7469 1991 9608 685 5370
29 1040 6711 6430 6648 3784 64 5279 4347 4714 5074 8815 1876 2596 7094 8855 2903 2485 851 2772 2091 1089 6010 2743 1849 8923 4723 5232 3994 9476
23 222 2297 949 8075 3469 4824 2863 3163 6442 8513 1026 1485 25 132 5206 4680 1070 7776 8114 5972 3388 7742 6795
17 1005 9691 2495 2967 8155 3778 578 4677 1166 3031 2078 2341 8563 1809 1544 6840 1569
12 9550 969 1376 3337 8839 404 1927 7487 2446 4181 1180 3887
25 3555 9473 2523 3193 6161 9687 3216 4212 4919 4626 5183 7741 8889 7121 5518 1274 6428 8837 1801 3492 3931 7814 4295 6585 4133
14 1135 3356 1027 2018 7332 3094 7491 4596 5673 4174 8572 4886 2337 8870
29 3578 9077 8638 1541 7120 3269 8688 3267 1383 4805 3045 1357 997 201 7720 4748 520 1975 4603 2707 7963 3464 3922 7603 5839 3113 8897 707 3883
25 5424 8029 9385 2442 4139 5050 6639 5238 2866 6396 72 7265 5525 2365 2678 5542 1713 526 4580 8313 5342 1327 8185 3286 4846
30 4894 1492 3129 2399 951 9492 6034 8191 7777 9458 9272 9388 2842 9992 130 6120 4690 561 8475 8025 9250 5552 1727 8438 4289 4736 6421 421 2100 3620
29 920 4781 5466 4761 7337 6182 9761 1250 3393 9222 2035 7764 6056 8788 3074 4765 5149 496 7443 1268 3954 7431 1881 5871 2450 6614 8156 1055 1948
36 9799 6656 3311 9696 9705 6498 832 8298 9232 8028 2901 953 6059 5004 5785 8532 786 104 500 4571 1990 503 7868 681 5594 7919 5740 8208 4288 6193 8142 3787 1195 431 3093 9829
32 2559 3918 9306 2539 8133 9450 2077 5495 5124 382 2921 9624 4628 1317 4851 5640 7100 7285 9055 9258 625 7067 915 2136 2046 1467 602 6958 6664 818 3724 1559
23 6541 5282 2934 8059 4887 9386 3582 2553 8461 6497 7023 1691 861 2775 2853 9873 6872 7885 1683 9120 6246 8332 4145
33 961 2424 8484 3826 7546 1252 5428 3468 7555 3146 5709 4921 7967 2909 8627 4651 6423 515 4464 6142 7839 973 5483 4175 6623 8561 5624 5657 4563 1969 3172 9241 3347
28 372 1228 8309 3816 511 8173 6784 7693 7903 7488 4086 3556 1736 6105 173 125 7786 5850 2655 3355 3809 4721 7902 6501 9997 9782 2540 6997
20 7952 8462 825 656 4544 6814 3958 7256 3530 1476 1067 8439 1119 1623 5392 1540 4402 2005 3814 3207
21 3654 7918 2561 2978 3979 8432 2285 5128 6736 1049 1238 7421 5197 440 4257 2421 3781 6266 472 5944 4622
23 24 8024 8784 6567 4659 9546 2984 7629 3694 8814 4340 3573 6495 8129 6025 8281 7015 5489 6534 8152 2224 8959 4716
22 2869 7575 5041 7630 3141 7286 3406 8863 6149 4234 8357 6554 7200 9088 960 7257 7954 1367 5395 8311 1456 9573
37 8962 9246 1955 1994 5957 4141 6101 7041 643 4206 5076 2612 7194 8345 2546 4898 5349 8887 3342 7855 8162 4961 5612 2392 6731 8046 2391 9746 2886 7801 5434 8372 8865 2090 5476 343 2163
35 4637 4546 2784 2230 4686 3840 8187 559 2320 7169 8667 7493 7381 5163 133 3077 9022 6184 3351 6604 7076 1094 6224 7238 9989 5772 4436 8752 4391 6153 5845 2806 2286 1254 7115
30 4150 1674 4836 8973 9561 5899 5021 1603 1774 1771 6728 5976 356 5577 116 1388 752 6370 5648 5488 8633 6236 1185 9808 5131 899 2671 1479 2456 3690
24 6115 4536 7471 5856 3188 2056 1046 4371 1700 5452 6218 9667 2468 1656 9983 7147 4238 5397 9310 9308 7426 6046 7983 2669
19 3988 2538 9078 2717 9044 473 3161 8896 7945 6531 9728 1360 5338 1490 5429 9656 9123 794 6170
16 5885 7180 2957 8915 3022 3663 3477 5660 5087 4895 9844 2346 8732 9723 4897 5293
25 541 658 6740 4404 3051 4639 7941 3622 2108 6243 5608 4014 9754 4569 7016 4982 3912 4452 1469 2522 4395 591 773 6748 3631
15 4143 1838 5721 1601 6966 46 7134 5310 7971 4111 5040 5527 492 8608 9520
28 6228 2335 6836 9382 3566 7901 4099 3952 1912 408 2063 8933 8524 5484 8283 4165 8297 6072 5085 2795 9069 182 2353 9596 1064 1573 2770 3969
29 622 3779 2338 3057 8259 3759 6188 6333 8901 196 7566 3661 3494 3072 2950 9212 8390 6286 198 7590 291 988 5321 9794 8635 5272 3676 8278 8921
34 1833 8021 9805 1200 802 4250 9018 6969 6089 4696 6737 3974 3986 2 736 304 6682 8415 3796 8197 1885 6030 8526 7280 5331 1126 7390 4061 3942 1452 316 6294 5666 5723
29 6961 902 5920 4291 9610 6809 7411 5557 4247 5782 1981 7647 3977 6625 6171 9939 731 385 875 9708 1017 8972 2081 8394 8853 269 4616 258 8433
20 29 2357 4467 2558 138 4773 6642 8911 6953 1720 6043 9630 801 9435 5513 7269 251 7881 4865 4124
29 1664 6110 8370 3717 8653 1884 5375 1169 9952 3086 1050 2016 5367 8362 4631 8221 1780 2699 7306 9445 9603 2779 8899 6468 6895 2196 8043 7537 6
11 55 5218 2520 9965 1240 476 547 7581 1454 5508 3386
35 9523 1438 1734 8157 935 6886 907 9265 5400 6121 1248 7726 7754 1967 8400 9490 434 242 9442 1572 2447 4176 3823 3764 5916 4783 165 8894 597 9692 7669 4811 9811 8337 8301
29 9216 5698 3462 7000 2041 7211 633 4400 930 4274 4800 9950 2065 7334 2082 1688 618 6047 6167 8993 5167 2632 7025 8867 900 383 7151 3928 4987
32 9283 1013 9845 7668 7759 7856 6956 1846 1475 5684 8620 8126 151 2805 2062 9682 7063 9111 6219 2378 1092 7908 5275 4271 9715 7688 5121 3275 1726 1536 3688 9117
22 4842 1192 3463 4060 9767 744 9902 964 3483 8006 3060 4448 5707 1577 8818 4766 6435 9390 6334 5311 7748 8722
25 2576 3527 493 846 1835 4966 403 5994 3909 4937 8562 4221 4330 4009 1130 6298 7273 4360 4053 2980 7815 2342 7241 2870 9910
30 4346 4877 4630 1326 2997 9576 1422 4163 6041 6987 5901 5208 4533 9043 4312 6042 914 6790 9945 4526 4373 3472 5142 1242 5290 9922 3644 2193 7991 3111
24 1888 9852 442 9289 8951 2673 9962 2072 3155 3895 1045 8159 7659 3341 5194 1333 6194 4275 9223 5148 7165 3543 3069 4047
31 734 8978 9575 9190 8421 8742 5838 6172 7301 7081 4244 8691 9420 9838 9155 3428 2024 7790 5168 1053 7976 2873 6545 917 7254 8365 5989 3941 6535 1600 3638
22 3149 4387 3354 9925 6406 3145 3841 8569 6483 7419 4122 7396 1957 1917 7992 3240 5276 1225 9773 9307 2698 3825
30 7119 5535 6245 8995 9645 674 8851 8244 8064 9671 8591 2854 4442 8763 8335 5645 7155 3401 5595 2778 2469 2647 362 5869 3415 1482 3441 443 3838 1887
26 4214 2690 9071 4171 6280 6422 7309 8631 4653 7501 1061 525 4026 7571 6555 8643 2427 9040 2188 4983 2888 791 7413 5545 8374 4243
26 7862 767 1644 8686 1016 7987 1907 5073 7791 6982 3447 510 1827 3700 824 1124 7056 5038 1520 1808 2564 3298 1290 3110 6919 8217
15 157 9405 3758 8816 8192 6240 5180 7506 9839 9415 1241 630 5555 307 1190
27 2986 2899 3396 6563 1365 3290 1721 7516 8193 9219 8646 3907 916 1286 7917 745 3639 2493 2487 4142 8124 73 5926 108 4779 5179 3755
25 297 3329 9469 9815 6293 3940 4617 9812 8505 1692 7894 275 3135 8649 1772 4647 2311 8077 2085 3223 2317 3272 7836 5296 7393
29 1978 2147 6392 8575 8955 1733 7239 2121 8099 912 11 6366 2595 6785 1682 1789 2183 8417 4837 5315 1703 7181 5264 9260 7051 9792 7751 4296 9736
29 3103 1407 400 9297 98 1175 8445 6380 9731 8827 2648 3278 8963 8289 2580 9643 5908 4512 7619 9295 3538 2752 9093 2826 7625 1039 6826 9898 7432
20 5341 7325 5262 4093 1982 7582 8729 2739 5980 6276 9893 765 3552 5960 844 3369 6273 5388 8726 3021
27 2912 7398 3024 720 69 7690 4065 2330 6106 21 8960 2710 4259 4632 8381 4419 9119 5987 2071 1708 804 1279 9676 9484 7702 3611 1150
32 3281 5990 6164 6942 6503 1845 5366 9539 3203 8542 8510 6319 774 4997 6655 4323 3495 9194 4745 5524 1373 5339 9588 4548 5185 5791 7664 2013 8487 4305 432 1418
26 5716 4873 5948 842 3029 9744 2409 6244 444 659 8500 6838 2402 4263 8212 5417 8344 3399 6008 7653 4461 9327 9515 5348 6981 3903
25 957 2711 4794 6255 6645 7209 2434 7811 8998 3466 3765 2241 2370 4543 4692 2244 4852 2834 9914 1795 1899 7905 2843 9383 2411
23 6724 2455 4246 6634 6357 5830 7113 929 3750 7865 4248 2694 3123 6459 5597 5979 2902 3698 9567 4752 1865 2227 1020
34 445 945 1142 3921 8772 9681 4403 6589 3785 584 8760 7763 5464 7560 4351 1125 449 9835 1965 1033 2676 4425 6690 9500 8781 3600 8942 6074 6390 8666 9196 845 6917 2117
24 3693 8410 1685 9429 1239 2360 3623 8984 3133 9496 4236 2548 4472 3645 8755 5072 5396 1989 9350 7032 5059 9446 6470 1705
21 2020 7864 2975 6879 8160 1448 8767 8749 8299 9651 3331 7250 983 7930 7655 6693 1425 9749 86 1204 5543
28 8395 7846 7373 330 6009 9234 2275 5910 4209 5909 928 1597 6854 7886 5326 1298 5330 6254 9662 9615 9891 7283 8195 2730 4649 9635 4338 6467
14 2008 1852 5887 3616 8768 415 993 7762 542 1417 6190 1249 3363 4483
13 8406 9935 3368 8991 4101 5091 3961 5882 4438 4015 706 8389 6834
32 5598 9128 4196 7236 3602 7683 6575 9199 6716 8869 4584 5959 3761 1199 5472 4590 2159 1953 4810 1167 2010 7890 5706 264 7308 5151 1059 7577 3224 2492 6931 1343
29 3030 2780 5816 5503 3818 8116 5374 2115 6909 5907 7940 9270 7326 9848 2186 8003 6124 9802 5277 2028 9076 446 5096 5867 6096 8838 9560 7758 6870
30 3471 9544 9011 9345 6652 2033 1181 374 8485 3798 4532 9208 6451 1424 6810 4682 8745 5002 3010 6923 8567 6620 6314 5203 1243 9253 5800 7324 8423 9359
31 7141 1784 2748 6200 6739 5650 6399 8220 4969 2948 2693 3174 7394 1914 6325 7551 5738 9853 5863 2974 4655 346 1936 8132 7705 8398 6991 8385 4 7783 1929
26 8102 4720 507 4880 952 462 4638 3859 9167 5176 688 4237 2414 9704 9674 815 9825 6432 9578 6976 2574 5683 2764 8080 1939 4538
22 8840 8967 9919 8817 7177 2996 1889 8528 5427 1432 8912 416 1659 4444 2798 7427 5846 3529 5485 2449 9860 8789
28 585 6135 206 7249 448 4396 3701 3721 4930 2291 6657 6156 7361 8444 9659 5140 1649 2486 5266 4797 8625 4466 5146 8205 1731 2679 8078 1318
23 268 8274 4285 9951 9524 2178 4344 3165 7316 4211 6345 7407 2769 4096 5171 9152 1371 180 3422 2157 7906 4790 2983
22 4495 6658 4233 697 409 2031 5187 5263 8876 177 8303 223 6175 8201 2416 4991 9580 8825 913 4697 9878 7182
24 1353 2296 8792 9954 9816 958 8325 8471 7486 7616 7721 7168 7003 1385 3716 2182 2716 2925 8943 2326 9614 2862 4553 4268
17 5406 7028 8328 9927 1035 8170 1775 6837 2483 3324 6411 9432 4231 6147 1892 4951 7375
31 8342 965 9485 9512 4854 8737 5951 6491 636 9229 6730 9843 8621 3052 5778 4963 7543 6282 124 1056 1766 504 411 5246 1507 5814 9540 637 7673 7772 6113
11 5649 4724 7048 4796 5467 2435 6358 5242 6250 6051 6518
27 7640 4583 8277 435 5511 6523 7479 4744 5824 7573 3862 7122 5639 5570 3834 3153 4737 9063 6640 1607 7826 2970 9336 8647 7215 8396 1805
29 1528 19 8711 8506 5941 1638 484 7205 689 3595 5102 6846 1999 7137 841 3844 1596 5270 4917 7550 1712 6957 1928 8240 8891 3571 3858 6650 9472
31 583 3249 7346 1168 1480 4498 8533 3425 1598 3854 395 194 5284 1058 634 6947 4740 1906 2763 8754 9535 7084 1877 7279 9984 8790 8717 6993 3518 6492 6721
27 2941 4260 9495 6058 1977 9375 1745 1081 4838 3150 77 771 1786 4517 3136 6510 8966 5199 9582 8409 8619 1128 5895 9909 4909 2618 3380
20 8204 2118 3105 5182 7277 9138 8300 2292 799 4453 9333 1029 1834 238 1342 2719 5068 217 2405 7632
19 3025 7198 168 4733 9064 8615 1152 775 6544 9531 6351 2666 9365 5961 246 9147 1619 1586 3586
22 1735 6747 3601 5285 2497 5158 2473 3418 8272 7613 8821 813 604 3096 9760 932 2830 8411 2253 5977 7527 7049
21 5304 5727 7210 8338 655 1500 1634 8306 4874 4876 1707 2832 9895 7623 5178 9048 2583 8735 9993 757 1439
27 4829 6746 9611 3811 6181 4916 4608 6415 4992 8841 5098 2242 3361 8907 7258 5947 717 8859 5015 1759 9622 6291 9198 7424 8327 4277 5682
15 741 3005 7804 7149 5532 17 6102 4915 2351 7591 8679 1258 1915 8295 7458
31 5381 4414 8715 9144 498 6454 922 9209 5866 9858 6081 6882 1820 4224 2034 1842 256 2956 4567 7461 1654 787 954 6651 2510 4931 2096 3637 4741 4568 5631
24 9979 6199 1489 8203 7666 211 1443 189 2541 6387 6560 4835 6388 8466 6929 8180 1184 2878 7803 259 3520 5653 8941 8527
33 8559 3546 3208 3865 6409 381 4914 2732 7010 8617 1660 2374 6391 9240 4718 6447 9880 3568 3813 2274 2500 331 4252 6949 4116 9857 6934 351 8139 7350 9499 6994 2208
20 6321 2125 4688 8067 2443 6679 4258 1025 9188 3662 2860 1737 6964 4367 1334 3950 6368 5731 1983 9569
27 3743 6123 6735 5621 2741 4990 9481 4858 979 1292 9694 9157 7483 9185 9237 6823 6033 7124 2584 5448 339 3382 4954 4325 3741 263 8147
25 9581 3384 4154 1873 4493 8652 4045 4879 4528 5220 6928 5007 6385 478 9050 1616 2058 2824 5325 9521 2098 5065 2592 9831 3289
32 1269 9613 9710 127 7933 9284 7724 8239 4654 4357 1921 9113 512 999 8360 370 7723 250 6847 2646 2371 1706 4095 7878 8321 6941 5362 9025 5854 6210 3458 5244
12 6039 3394 5372 6864 8661 3902 6583 4949 9646 2152 8939 994
12 8520 5636 3083 7312 3885 4656 2207 5837 9763 4912 6565 7206
24 3457 3608 9882 6134 6036 7384 1819 6983 3235 2148 4850 5611 334 884 9726 5634 6448 8707 5399 2946 4785 1141 4695 8947
29 8728 6877 7255 6856 7579 2771 3345 5844 1338 2025 7383 7106 3630 3707 3061 9122 9344 8734 4755 1108 7593 9854 7681 6933 7202 667 4286 9558 224
21 4687 6875 135 6012 5756 7092 9617 921 1859 5903 574 7775 8639 9343 8235 5075 6621 176 8452 6514 557
32 3564 6189 8209 6159 8573 6128 3972 6402 9842 2578 9900 4270 8038 3432 7620 4272 6444 5384 9548 3805 2155 6668 5549 2562 8949 265 3971 7163 56 7568 3255 3279
37 580 6851 6327 1684 3370 6048 2831 1746 1942 8214 6566 2607 8826 1840 5026 7440 5172 1402 279 2340 6798 6859 6906 9448 3820 7295 620 1028 5095 1903 3140 4795 6717 7985 759 8087 5225
21 6649 9463 780 5012 6261 6871 4027 7012 6666 8709 1498 1971 8287 9468 8393 7059 4753 5964 6093 9700 8957
26 61 4693 9012 3490 7737 3398 6222 2556 1979 5380 3948 2452 8031 261 7962 8081 9102 9201 9856 5671 413 788 3702 5718 8622 3204
23 4788 9666 6003 9251 6641 8225 2154 7090 9943 3511 1163 5175 6090 5162 3287 1658 9189 4203 3378 4531 7311 4350 8862
17 5161 6004 5626 3539 4423 5796 7345 3001 904 4361 3604 6195 9568 4134 5536 2864 2134
29 6456 1984 2426 9286 9562 506 9751 3970 1109 7066 847 1944 8793 6873 2142 6117 185 7408 9059 7030 9932 6835 6408 8056 1303 5735 6112 7017 9638
32 8179 5487 6307 8040 9549 5234 5453 9068 2240 9516 8664 2766 8494 2104 3547 3449 8917 8673 1743 8473 7932 7854 1829 2481 79 4392 1698 6070 3405 4446 5848 976
22 6952 6529 8548 9830 8088 6733 1132 5739 9725 7674 4166 2232 9982 7736 1526 3189 1144 1077 7057 5876 7111 3097
25 7877 9864 8273 8597 2661 4119 9027 6197 4074 1591 7368 3266 5274 3178 6320 3485 6878 6852 4131 5354 8144 1427 9637 6465 1646
21 7799 5746 245 8902 9702 5982 2295 9204 1950 2872 5231 5726 860 8626 2629 9971 8089 4841 690 1230 9131
18 489 6493 7082 1208 1008 7680 3610 399 2715 8009 4535 3567 4152 2619 3312 4972 6335 218
30 9207 9733 9649 6125 3680 7785 1346 7445 7103 1282 15 9908 776 2960 2684 184 2254 9060 3419 6720 2050 8005 6100 1506 1379 7696 1594 8391 9146 9915
20 8184 514 2453 5356 3507 5278 6146 1217 5475 9629 1171 4831 8927 9053 1196 6230 9107 5884 5691 1018
34 8420 3148 5500 4875 8419 2635 7382 9419 5433 3102 1098 9248 2156 4062 285 6857 3574 695 4290 4198 8010 7832 4754 2499 4612 5190 6760 6889 792 3983 5596 729 2300 3618
31 8675 1609 1530 8574 1218 5212 7172 2982 2751 5301 4394 1420 4073 8601 3300 5080 748 5605 3897 9883 2201 5762 3033 8036 1549 1398 3898 5202 1826 5714 6342
29 6424 2143 1959 7190 7253 4123 9975 3901 9553 2191 5794 5139 8304 2892 6469 8810 9801 6001 8354 8305 5826 5643 3297 5560 427 702 4778 8106 2845
24 5245 6186 3319 9135 8412 3685 9089 6848 8007 2137 9023 1781 22 6020 1740 8680 420 2177 9200 3727 4968 5659 7281 6911
30 6160 6053 5712 8796 4481 7916 1189 461 8644 7498 1392 3561 7866 4204 5872 8166 970 4280 2876 2420 8886 750 3944 7170 429 9600 598 2610 1841 4177
15 7468 6774 4460 1670 968 5181 4816 9367 4492 3720 2726 8341 948 6257 3737
21 1866 661 4507 7434 5135 708 9964 2095 7197 5451 8603 1568 9734 7502 9418 2367 5111 7767 3367 9753 8847
25 3692 8699 6765 9654 5783 8546 3735 1348 8857 4317 6471 2381 4341 2387 1270 5365 3348 9008 5773 4180 1813 5937 2280 2019 5841
13 8578 2053 6215 4727 4081 7050 2472 5410 9301 4197 3853 1226 3985
13 9121 9085 9462 6552 5625 9049 2801 8405 5281 4820 1207 6507 3313
26 1993 1651 1223 8823 6818 1430 8167 8990 9133 4828 2467 1709 1946 6622 1296 2197 6431 7447 6347 2971 8002 5346 784 5676 8994 8850
30 3239 3245 1697 5732 8035 1494 1415 5009 1299 4114 2829 5306 9103 134 7734 9930 5271 7377 6225 2403 827 558 9279 6419 4284 1112 6349 770 8552 2755
28 9901 7428 5541 1503 8989 2937 5088 6279 7805 5033 4302 1639 7305 8293 6974 5529 9183 4000 5589 2517 6227 5010 367 4416 5932 9690 5147 4069
32 7911 3572 5205 565 3058 7710 5036 8118 1537 4089 9264 2264 8186 2089 2808 4235 4549 7217 4369 7417 8200 3526 3711 7367 9443 6183 8866 3343 9169 6635 5494 4127
28 9411 7993 1121 5017 9871 7152 2126 1985 8257 7176 2645 8460 7288 4660 4789 9978 996 2263 1554 5795 192 2750 995 6108 2836 6118 811 465
22 1563 4130 3867 193 1504 5630 7341 4012 3222 8881 4925 2708 8522 1811 2953 8255 5079 9417 6796 1582 3576 3870
16 4882 3708 5219 163 4167 5317 3893 5233 5561 9740 891 9036 9465 4269 7297 807
21 5902 7108 876 6297 1539 9607 4043 7101 8873 9686 2615 4386 4427 6355 4542 9703 8589 1043 3742 2410 3617
24 7229 6068 7648 4482 6173 8190 3793 7769 3305 6674 2835 255 9110 3625 6540 8495 528 9017 9663 564 5493 2529 4610 2448
21 4066 7104 9316 3381 2977 8650 6772 4985 694 5421 3682 8845 2549 4148 1153 7485 3683 911 1751 4185 1562
29 6965 3092 2112 3190 6251 7761 1943 3754 7422 6905 8746 2874 1748 7525 4711 3753 8693 7743 7497 5655 3336 5789 641 2689 2219 1234 4996 9004 3812
22 610 1113 7102 3453 8642 380 178 3981 4147 9192 852 8545 4138 6095 6369 8964 4179 869 5130 7476 327 2627
32 7318 5744 3989 9926 5711 6216 5241 2173 8407 8229 7998 2882 5470 467 1926 7871 487 5132 2199 226 9174 4609 466 5974 8355 8223 4896 5685 8380 3390 8612 1009
22 2429 4984 6951 8464 9872 657 4798 3261 7014 6751 7389 7231 6519 2729 7298 9824 2725 9057 8683 9552 1115 9097
30 6633 3891 4502 854 3636 7019 9151 6426 6915 2557 1255 670 3137 239 8593 7708 3438 6758 5607 7333 743 1821 2929 6673 3322 6573 762 3500 5273 6221
22 2278 2166 3066 4411 282 1988 9384 1253 7528 6938 8052 9096 9695 5509 1484 9875 145 5521 4077 5581 7719 1931
15 2774 7224 7196 9972 9846 3227 230 3509 319 3846 6452 2175 684 4144 7433
26 9020 8630 9402 5377 5678 908 7271 8312 1787 1871 7842 7507 9988 4032 1604 8920 2552 3004 4847 1548 6661 2265 5239 535 1210 9970
19 2418 6970 2144 8115 1672 5186 5530 3171 4576 9126 4037 7478 6011 7676 4324 9797 7831 8008 5471
16 9291 5743 6208 7922 161 7171 97 8373 2383 8253 5573 2908 9014 1576 8424 616
28 9626 3147 2543 883 2048 8109 8743 2375 3776 26 7914 186 5000 703 9009 1632 4573 1174 62 4627 8706 1085 650 1812 7880 6715 5312 1923
18 9187 6329 2079 7406 8207 856 8504 7535 5260 9911 7045 6515 6490 7160 7299 2459 2668 4818
26 8509 3461 5307 6023 6270 1631 3364 4006 7819 9480 6975 1072 8165 8584 6675 2027 2489 858 3023 9745 5450 2310 2593 9577 6271 2509
12 4586 7117 5983 4747 6863 7402 4469 746 1129 5889 298 8582
28 4644 3513 9070 3657 7691 6379 215 9001 624 122 5097 2634 2068 2433 4102 2555 505 9587 7514 7126 8880 555 5580 2914 7026 8404 7235 7825
20 2327 5034 3821 3050 1102 6967 1880 1329 6759 8977 87 5775 3835 5935 3995 7395 8260 1488 321 8414
25 4098 2942 5049 5777 4410 7442 3325 4034 5962 7532 8801 3782 1861 8605 8975 7185 6551 6278 8577 7544 6440 2823 2064 6914 5334
17 7227 3139 7192 6945 470 7400 6860 5355 8592 5053 9750 5749 4149 2880 8519 8163 8019
17 6694 4194 1640 1777 3879 4595 5622 4819 1531 7926 6463 4946 6256 9356 3357 4321 1652
31 219 3197 8713 1030 7372 3544 9657 5291 8379 7745 9156 9817 5635 9784 5600 4746 5548 2611 600 3481 45 9455 7780 2069 5924 140 5048 4383 317 2794 8319
14 2176 6779 9758 1047 1850 3962 5969 9178 9217 1285 9010 3923 6461 4476
25 1815 5858 9109 9537 4063 4888 294 1259 7075 7365 3379 9866 4732 4505 1687 5327 7892 8611 4313 9058 6482 9129 6434 7335 9374
33 3008 7975 4980 4107 354 896 704 3451 1937 7984 2174 30 280 9038 2722 112 3027 4614 154 8161 2871 8905 4738 4975 8315 1754 6954 9339 1173 7946 3612 6212 5821
33 5222 6756 4064 6021 5779 9457 3215 2652 6832 7794 8026 3597 5247 592 9780 3939 8076 9318 9293 9621 6557 6371 3048 6508 1437 7055 1231 2521 8384 5443 7001 5230 9329
27 8271 2791 200 6420 4115 9118 9273 2362 2790 1930 9379 9998 6820 1042 3747 8689 4974 3878 4001 5496 7670 3810 5461 8095 438 2376 1139
28 9670 8459 47 3026 4704 6346 3524 3646 8062 9912 544 9441 1428 2535 2851 322 2936 4039 8828 4678 5438 6259 14 3250 9960 3126 7436 3880
25 2944 4705 313 1311 867 9623 2057 3308 2933 1767 7879 1154 806 4188 877 3553 6131 9471 5742 955 1837 1570 6258 406 6613
30 6361 7435 2026 3739 6196 5344 9505 1391 2547 7931 8097 8136 8916 9407 7062 8264 260 8822 1446 9605 3888 9342 5997 8759 5644 2474 9507 8980 5449 6191
21 3321 2931 8705 9955 8811 8049 9821 8314 3387 2162 4182 2811 4229 5834 2976 6373 107 2940 8654 4160 1722
12 3647 3672 3282 5226 7348 6287 6950 13 7896 5988 9354 7441
24 8564 4112 5699 6316 4613 2000 7534 425 7830 1203 6963 7909 7480 5677 721 8678 8702 3872 5024 8488 1581 7303 4057 4042
13 7716 3154 7781 7718 940 1187 6812 621 4708 7482 6052 6405 2813
20 113 726 1655 4602 1693 1676 7697 6677 1960 4685 9330 2740 9366 2039 7978 9086 5968 9451 1823 3588
29 6913 284 2825 4541 2665 6013 8018 7207 2206 3799 6793 7610 6861 4168 4878 9112 1824 9688 4684 8286 3385 5022 2761 9519 705 8657 8877 18 710
29 6607 4815 3966 5352 5690 3326 379 365 4856 5210 543 6578 733 7944 3919 7966 3525 1375 4362 4385 3479 9149 1216 6343 9184 9 9277 2819 8377
12 3168 2736 5350 3389 1996 160 8465 3884 1760 5797 5641 4604
20 2313 7687 3170 1002 4588 2213 4232 3674 155 4936 2222 9756 2727 4151 7989 6005 4977 3780 5798 5376
39 1724 5875 1588 3833 7246 4786 6407 3532 6098 121 1069 3997 8182 5155 8428 6824 6712 3699 3299 2396 6130 7397 6376 3788 8757 7470 2195 3658 5454 51 4509 2080 8507 2598 5753 9940 3514 3664 626
32 5402 4885 4635 1233 172 1627 7386 1453 1160 249 3075 793 9006 3404 6281 1918 1782 253 3916 5416 9235 1405 6935 7358 1798 3876 7054 299 1356 7565 7459 4891
25 6900 1512 6265 3445 4652 9678 3775 3062 2884 2290 3230 693 7661 2728 1673 6037 5505 8230 8267 9294 4041 8910 401 3718 6603
27 2507 3951 9412 4349 6425 9511 9712 6026 5287 7808 7679 3085 4406 4266 779 8553 3332 4514 5761 1397 8769 4577 1021 5051 3762 1052 3134
25 5343 5748 8285 7662 8176 6719 5405 3896 3946 1193 3710 6437 586 2670 5786 3487 214 7646 5870 8844 654 2454 5703 7522 7173
23 3667 9347 4910 6202 4050 2992 7787 1913 7732 9604 5576 5861 7453 3832 5849 1057 1941 4210 521 9360 9454 3665 2964
15 554 6654 499 4105 6248 8928 5725 3079 9534 5191 278 1000 4611 5661 4281
25 7088 5025 419 2440 2245 3936 9150 613 1933 4801 3214 7175 6162 8135 4254 2575 7634 652 2460 3003 4728 1295 9936 7069 2049
35 8587 8848 2973 9254 5719 3047 2323 7162 7746 6672 9612 4046 342 538 3328 4777 2631 517 8153 4468 9039 4155 5288 2124 9173 5229 9197 4132 3914 8696 3819 4445 7834 8211 8490
24 6418 699 8832 9640 7323 3565 9314 1381 5083 9163 4710 4712 2093 6086 7923 829 4581 2001 7450 7955 8929 1287 4683 4725
21 9698 7186 9191 3866 7602 306 4978 4067 3613 4694 1351 6561 9786 1610 2533 6354 1793 5423 6217 6323 8397
24 8698 8932 5818 1100 9030 782 3420 8071 9092 5984 8829 6990 8623 7771 7518 4774 6445 3871 9371 2786 9259 8770 4374 939
29 6780 7810 9974 6741 502 4558 6742 2333 671 3993 4593 6698 2288 6995 9597 359 9762 6787 3642 8733 6049 3219 3486 2643 1952 1350 7166 8363 962
16 6767 7156 7585 4011 1396 2390 37 1387 5420 9863 539 1477 6079 7360 8730 2169
37 6044 8739 9633 7554 3666 2352 8795 422 1553 4441 9054 1393 9000 7296 9444 6339 9727 7531 545 8068 2991 7608 7725 632 2542 5078 6972 8712 4707 1390 452 7959 5407 8503 5150 3791 4750
24 4056 696 9503 4782 3270 9477 6024 7276 2527 2415 516 1159 5938 7029 2849 123 5283 148 8174 2170 9747 82 5408 9532
37 2531 2233 3976 9890 8856 2651 3232 8101 3531 7604 485 8296 6179 865 4722 4121 1513 7321 5943 2995 2757 7291 2617 9081 7765 9551 8794 2488 8685 5251 7938 8636 7228 1951 325 5398 8054
28 3410 190 7677 2904 7557 9819 348 2954 118 5221 9328 3570 7755 4523 7521 8060 9665 2687 4370 888 6894 54 4401 2827 1585 1633 3892 1006
34 5881 6502 9685 4455 4299 4202 2754 2919 9364 6630 4594 4634 1875 6775 4002 9884 4487 2850 6778 6612 9363 1011 5827 6400 162 5680 6577 6936 3302 2070 9585 1191 2200 3749
26 1879 8774 718 9735 1232 2802 4331 5679 5708 4343 4358 153 6858 742 9755 8720 3246 2723 3899 3015 4791 9427 5883 5923 9589 3679
26 8086 4184 7243 8637 4973 7208 2900 6133 2675 23 9470 4902 1719 5793 9865 2471 8065 6109 3728 4859 7744 5599 7996 910 1019 5697
37 8189 1177 9464 6580 3098 2924 821 1779 8864 7414 4566 10 8261 3340 5023 9142 8169 2231 6176 3980 3353 8013 5590 5215 358 2328 5403 6166 312 6489 7660 1086 5806 4189 4267 2516 8535
33 2828 1372 5359 9869 6000 378 2613 7642 369 3843 9526 7727 1924 8926 5039 5664 4547 8997 2204 7328 1666 7925 5832 3516 919 4287 5207 204 3681 5591 1377 5265 8543
25 1794 8435 481 6550 9341 1331 6062 2809 5101 7857 8988 93 714 1753 6414 3237 6777 4322 2662 8936 5114 3794 7980 9840 7376
16 7849 8290 9483 575 7807 9428 9456 9946 2102 1711 2988 9211 2620 4927 1093 6152
23 394 6485 4511 1830 596 3537 2119 9833 7037 7793 9513 692 1337 6692 9348 3650 7201 9959 9991 9907 9693 3218 8740
20 6269 2838 9267 7085 4957 475 6762 7503 5099 819 2526 2614 4582 6326 7403 8141 4100 8233 3491 805
32 6843 8458 9631 9769 640 6526 7912 1256 5914 4104 4499 3501 8516 9337 2189 3828 803 5754 1621 4201 5119 1916 7910 5820 3864 2266 8684 3106 3265 6978 3480 6185
15 5027 2324 873 9377 7541 114 7703 7511 6892 8934 3797 4729 7219 3848 6063
30 7709 6752 9874 6710 5054 3732 2852 4355 5792 6416 6769 5583 3213 1818 9244 855 4870 5136 347 5103 5918 3653 4670 8762 4861 5688 8249 8674 9834 2658
30 7188 9046 8447 1843 2686 4007 2171 2525 5619 5878 6722 5556 5587 1668 5052 1136 1463 6249 2334 9437 2101 1895 5609 7317 4967 8724 1095 8541 7123 9770
24 1332 3651 1970 8791 2060 5815 3839 2343 4282 9141 6548 405 1956 6918 3183 6092 593 3162 5836 8096 4418 7784 4311 8210
29 4475 5295 8034 100 3802 2706 9028 4857 7654 8326 8872 2437 6897 5925 6734 1750 8676 8697 6667 2257 5363 5200 9672 4380 6616 4364 4641 5458 9281
30 7064 6558 9813 212 32 2981 1101 1620 1872 7924 8598 216 1471 3808 7735 5877 941 4817 8805 3706 3668 4527 5081 3350 3766 6770 8145 6032 926 5900
22 8213 9166 9996 3263 9353 6446 6825 3669 6757 5770 1532 8339 2938 6306 9247 4825 5243 183 195 8596 2457 1088
20 6912 2075 2192 9106 3007 8551 918 5704 8599 850 6564 9032 2347 5013 36 3248 9986 4126 9876 7899
20 8787 7329 1908 1792 9182 7110 6337 2419 6075 8472 4215 3166 3254 7083 1645 6627 4883 9311 6016 8154
21 3697 8302 6296 3403 6338 4830 607 494 7837 5632 2760 2479 6708 6165 9292 103 7351 5071 1958 1909 7601
