31 2822 9688 6463 3867 3696 8293 216 679 7866 8256 1310 1423 2735 560 3955 8611 6993 143 4371 5956 6760 763 2816 5576 7501 1311 6688 8146 6184 8412 1298
26 2921 3492 8432 6493 6005 4175 930 2409 7316 2552 7536 9703 7237 8140 635 4232 5037 5205 9316 7582 2222 1129 6907 7741 2215 9109
29 7136 7794 3656 8625 8130 5945 2609 7840 7660 9153 1849 997 259 8864 1145 1453 5643 471 6476 9144 9199 1384 5172 7987 3081 517 3345 9330 6865
33 3117 1191 3575 8872 3238 1441 3103 8423 363 2909 881 2857 4295 6471 5646 6930 2224 263 6905 1903 6682 3357 7657 876 6273 2721 8979 3148 8187 2585 1954 6537 3227
28 835 6425 7335 1772 2555 5066 81 996 5760 5802 4292 9689 7785 1920 9464 6228 5519 6521 2484 761 7547 2958 7311 9318 4369 8068 2380 7533
32 7833 8545 7539 3302 7798 7742 2212 8375 4673 4524 4079 7071 9908 9332 1695 5417 382 3067 2111 4704 3276 1757 8397 4982 5363 1500 2883 7746 1881 2915 5681 1651
27 8450 7439 8282 6351 7957 221 8791 7597 5096 5803 2551 3888 4148 9852 8758 7210 4202 6193 6034 1234 7017 1731 8810 8272 5960 6974 7368
31 2603 9960 596 9951 7084 7845 9494 435 9059 5312 9308 4929 360 7108 9370 782 6208 5737 4106 8643 4206 7391 1989 1857 8535 2533 1115 1446 7789 7593 202
30 2139 2524 338 8924 5157 5163 2039 790 4153 3454 2685 1929 6060 5962 2348 8688 7221 4143 7826 4491 6468 8354 7862 9063 3838 7154 3547 852 2956 2103
28 9670 8339 4 9150 6379 3858 5301 1218 3494 1371 8538 133 8883 984 2326 14 6884 4609 759 4333 6108 5445 37 787 1316 2523 9015 6051
29 1959 5388 2836 5815 571 3755 1689 9084 3388 3487 1349 7753 5834 9233 8560 4373 6629 9047 8757 7632 9195 2180 242 821 5408 1626 1393 166 2925
26 1785 7606 5555 1614 605 8526 2310 3770 1532 7761 3670 5352 1972 2204 2549 5539 8023 1710 8113 6019 6281 8788 8559 796 1350 2217
29 2635 9440 8977 291 5705 7988 6470 2470 8486 5119 7305 5480 5770 5600 4578 5540 379 2043 8720 1043 776 2102 2374 312 3369 9001 3979 3580 7820
30 6933 5383 6245 9811 3266 6242 610 2541 4017 9835 3055 1097 1483 4417 866 8882 2034 9653 3776 1748 4142 8102 808 8520 6709 621 205 1559 4419 6172
29 5260 7132 8128 839 4217 9967 7185 1865 1609 8330 8035 7112 4120 6048 9553 8156 9125 7254 4816 3221 9623 4741 9788 4913 7801 6332 8240 3504 7326
25 493 6062 8678 8080 1862 3278 7992 6912 4356 5434 5035 6672 7645 5689 6044 8095 1611 1823 8312 9840 8622 9353 9723 1690 1397
31 7590 6021 3972 7120 4400 5020 3118 456 2021 2595 8677 4266 4547 2463 430 9217 6895 66 1906 285 9730 5061 2455 5011 5180 7457 1958 516 8819 6121 3232
28 333 3968 5324 2228 4629 9165 4597 1898 9436 7765 3364 310 6601 3609 6726 7676 7093 2639 6685 2742 6455 2503 1718 8660 5650 1288 2031 8879
27 2098 862 4068 6509 7180 5671 3281 3465 4003 5523 5070 8296 1459 406 5379 2821 3552 840 244 2366 5217 7512 6 5936 1255 9645 5707
29 6261 8590 6970 8547 9772 5683 7065 5277 7812 7291 5533 6024 7696 1142 7378 5541 2087 9846 9230 4203 6855 1297 2427 5812 6311 9987 4998 7315 6511
29 2734 9740 4166 544 2640 9076 6822 4514 8494 1541 794 2064 6344 3336 3606 907 7288 9024 4955 716 9016 6165 8467 6465 4927 4412 5489 1345 5561
32 6599 8698 1512 9820 1330 2293 9625 9989 8914 252 1242 3794 2397 9249 5894 1467 6375 8926 7172 7236 5399 9693 9519 6579 6602 1583 218 7411 2938 3092 3826 496
29 3060 7329 9384 6444 4001 8754 4015 674 5838 8655 1074 5550 2370 3893 1314 4312 2692 1789 7578 9758 6333 9132 8449 6887 818 65 951 8715 2611
30 2446 3265 5944 49 1152 1165 8609 4358 8541 5659 6225 2610 709 3778 9185 1963 7779 5810 8199 4405 9105 6071 8126 2483 7505 7544 9927 24 3868 1154
30 2234 3119 457 4436 4784 5144 5883 1996 9853 6084 1668 1395 2276 4074 4230 9197 3129 5806 8119 7023 9711 7827 4265 485 7713 806 7900 8945 2587 4188
28 2922 8447 2693 6459 1462 8726 6212 5556 3195 2161 1693 4856 3110 1747 7973 3175 3753 3639 6724 9706 7956 4242 18 5515 1474 2514 4257 5216
34 2772 9443 4060 8166 1499 5423 3733 4314 8865 7891 9289 8316 7745 1986 3392 300 2066 7509 1667 9712 7909 4893 6946 248 1582 8580 4233 1274 708 5624 9572 6308 2902 9958
26 8033 8453 8546 4259 874 2037 6278 8050 7880 5223 36 4577 2651 8859 9043 2741 7778 8425 9867 8459 7945 3521 3478 4490 8585 5178
23 8103 6770 7394 5516 6657 2136 4889 4684 258 7884 5152 6696 5642 8837 6678 4863 4245 543 2553 983 20 7008 6542
28 4172 7337 5503 5156 273 3367 6746 5857 9892 4545 1897 358 6210 6018 198 6365 1169 5131 6875 7398 5788 3526 897 1497 9813 3993 578 8314
28 5634 9257 8903 9042 1505 1283 1414 3486 4454 6268 7522 3563 6719 8762 8221 1654 5733 847 4211 6831 7140 2694 5538 8219 2904 7850 2267 3386
31 6428 4922 68 5207 5585 6262 6452 6703 1238 5748 9231 9921 545 8824 5080 6457 6873 6338 211 2272 4853 3337 1755 4755 7902 4270 8846 8792 1738 3188 7264
25 7245 2335 7351 5598 785 3332 5925 9172 2846 5175 9862 2019 7586 7853 9214 8367 2460 7067 5933 4075 4042 5593 7435 2349 8799
29 45 7229 1030 6992 5511 5566 2323 8746 466 2318 6277 4988 2548 8558 918 693 3677 6991 4164 8259 3089 3497 7736 2443 441 8803 5507 2952 75
28 8854 1595 6092 4560 6485 2439 6919 4562 5700 6412 3286 2124 71 1147 805 5346 5239 7999 4187 967 8664 4484 7998 7508 8011 6821 7903 8909
27 2368 6897 7793 4808 4769 3306 2767 1241 7406 5759 8687 2654 4489 6574 301 4376 7005 7310 5688 8054 8301 3624 8576 3237 9894 6157 6090
27 9475 1831 5213 7244 404 6556 6128 9495 5074 8944 6856 7195 8659 5497 3065 5786 9323 7585 9597 4528 6903 4150 9633 1891 4965 124 5255
30 5679 4830 9957 4632 1745 4084 2166 8937 8718 7768 5376 6874 5769 7743 5547 4544 8813 7150 9060 6453 5567 3109 905 3751 1902 7440 5805 2268 953 3570
29 3042 3482 1976 6275 9963 8381 3830 6312 51 3035 2986 39 7989 7549 6291 5214 8667 7410 8056 9897 6285 4220 3200 6139 9170 4532 368 6235 2480
33 1666 5008 5136 2069 9592 9268 4567 1521 7441 5862 4520 67 9455 4488 9292 3512 744 9676 9783 6469 3342 1284 7193 1646 8922 10 8685 6745 616 2441 6496 7996 6148
31 5266 4797 5898 3462 1421 229 8575 5351 3079 4048 4348 7455 9526 292 6174 7831 3896 8200 1050 7133 4879 8767 1332 160 3996 9291 1209 8776 2249 5320 6588
30 6440 2156 8183 4660 1964 2664 473 3018 6069 1688 4443 7370 2033 2800 4368 1517 4129 7834 3728 3000 9369 5873 1633 8533 9710 4682 7966 371 4708 2623
33 3039 4107 7096 8434 4169 4214 6563 4104 3741 689 4665 9110 4168 4869 7958 4658 8352 5504 2671 6968 9624 923 7624 6555 6370 4485 3424 2709 3760 5375 6942 1773 9604
30 6613 280 3628 5908 7648 8765 5125 8076 3100 6331 8988 7950 1960 3317 1905 3250 802 514 7189 4868 1624 410 6848 3374 4790 7052 1237 3906 9410 9941
31 2440 9038 446 6284 7952 7408 6267 4193 6666 7082 8907 1948 9334 4276 2283 4750 222 8461 7292 444 8233 6589 3924 6926 783 9523 9517 2942 7697 4111 8753
27 6198 7984 2482 9095 1373 8577 2919 2511 7473 9502 6882 8938 3730 1885 1830 6786 955 3046 9749 3809 1534 9108 2393 8708 8077 1697 9784
31 1434 8607 9727 4088 4458 8273 9825 9407 9546 4950 9310 1555 8309 1256 2050 4952 403 9068 8915 337 4434 5287 5899 3615 5099 5449 9201 4984 2907 7718 1766
27 1179 773 7475 1835 1737 9629 2429 7117 2960 4579 7009 3003 3920 5695 7385 3740 3419 1216 2628 8359 4342 5017 3859 7413 617 9838 7341
29 156 7179 7421 69 4123 5228 7561 5887 1839 8182 7955 8122 7282 3488 4081 1482 8362 9570 6009 5614 2333 2022 4626 9062 9167 889 5548 1540 7555
27 6812 3258 6363 9033 9980 7203 6299 572 5177 8235 7046 5964 5974 861 1662 5752 6611 9587 72 9142 1703 2089 8188 5359 4954 6737 8964
24 1711 1531 7894 4573 7149 9380 2624 5189 5509 2062 7830 3269 3271 5565 9674 1058 155 7933 4505 2214 1943 4352 5257 7162
28 1134 3534 9052 8237 3667 6393 1477 3743 1908 8106 683 2220 2369 169 4525 7129 4719 6528 5421 9333 2109 6499 2093 638 6029 1184 4897 3517
32 5876 8394 3618 9219 6016 1093 7299 2334 2266 5512 5502 5407 1096 9976 161 2355 8886 5477 6518 3596 2026 6777 4208 7169 7101 1374 4593 8306 4936 7856 6435 4644
23 1566 552 2573 2253 8439 6767 949 3300 9798 4647 7838 8752 4351 367 4700 6353 1450 1901 8173 6858 4459 8218 2936
22 2758 1468 4507 1124 8277 4076 4566 4264 4130 4823 3834 600 7012 8990 5880 6443 9386 315 4908 427 7478 9018
23 5959 5613 9251 2841 1095 7359 5704 3925 8222 6508 6892 5804 9794 8534 3737 3217 6259 6391 7600 4905 2498 1550 4585
30 9151 6154 5903 7458 906 421 9096 7842 7467 5439 9737 9375 7039 4914 4749 3889 6448 8223 958 5056 5573 9611 5194 8059 3655 1812 3653 2789 3633 5193
29 5604 5241 5675 429 9702 7650 8634 3528 800 9178 648 9677 6367 9287 4288 6837 8519 588 483 6372 3093 2486 2588 4366 8110 2829 6842 8167 6614
24 9861 8710 5077 8327 3851 5850 6747 3215 7651 4657 8335 2404 4226 2889 1161 3408 5463 9341 8065 2978 9032 573 9615 7568
26 4467 2198 7173 3866 919 6519 4642 4465 5935 6690 3146 4667 3303 639 1606 2070 4842 1087 3296 2190 3688 4411 677 2189 1522 9418
30 9832 6956 7175 702 6889 6995 9027 3242 8005 111 4431 1585 8963 8807 5299 9427 2792 3056 8563 8452 3658 2529 3578 7524 8343 77 4517 6159 1551 7540
29 9738 2830 1846 9747 6003 2963 5456 7430 941 2525 1980 5647 9857 1085 4986 213 7546 255 8171 5931 6349 5141 11 1112 6838 6059 4590 6810 5453
32 8725 2351 2399 8049 7177 9590 3205 9725 530 4641 5121 7334 9218 5840 125 4448 2324 9312 6861 9140 4836 7628 5572 2172 1663 8531 8451 8706 3045 2067 1235 2406
30 7080 3179 656 3903 7367 1016 6464 402 2771 2843 5856 2547 1889 8552 8666 3461 5378 9066 6494 2164 7479 8212 6116 5085 978 2572 7261 8317 9431 9700
27 3883 9850 3560 2144 8108 6826 8646 9491 6230 2513 9983 3543 7242 6418 5827 755 4451 864 7446 458 137 4036 7601 6704 8880 7319 2791
27 2150 9764 5653 3694 9123 6681 7668 9223 9648 4025 8040 5238 54 7059 9250 8341 6851 407 5464 7208 6549 1251 5715 6022 1939 2959 5513
26 691 8948 7230 1795 5360 3821 2286 9412 1292 9792 4167 7514 5651 7825 1463 7145 3977 9022 4061 1800 3717 5809 3457 2481 5007 6164
29 7318 804 688 4122 5377 1822 1430 8320 7464 8737 141 9883 413 4047 4515 7001 1392 7499 8702 6058 7098 9026 2619 4468 7868 455 7617 624 9969
26 3516 5984 9797 8733 2352 8798 6328 4483 3320 1915 237 7043 3801 2006 8139 7635 3549 3666 8662 8704 1107 6702 1538 2749 5317 8932
28 5455 2996 1247 2858 7543 2036 1198 6215 1301 4833 8832 7554 1102 9716 2219 9419 2321 3539 5469 8748 9433 2072 5996 7164 3308 7772 3403 419
30 7678 9942 2557 3987 8261 9761 5522 5499 8620 8553 8036 2917 8627 431 313 6354 1935 6368 5219 9996 2631 3960 4618 4663 8014 857 3946 4683 9544 2681
27 389 8657 9492 2599 1985 1588 7016 9467 6559 468 718 5791 228 8278 8842 6670 5484 5631 7506 1438 139 2356 1328 692 9774 836 7134
27 6130 5147 7235 8027 5860 2838 3489 4640 6740 3069 1226 5291 1698 1188 9290 4113 7912 1941 2420 4439 7686 9379 1546 6293 2311 2544 5029
23 8980 5206 7253 9754 8651 9622 888 1089 7257 8755 7860 9902 278 7200 887 2988 9237 4508 6636 1978 3601 3279 7911
30 2995 1387 4870 4327 1448 4817 2710 7944 1932 1174 7390 7328 9372 1176 3321 922 831 1114 6621 7365 8313 2598 6525 2575 4319 9277 5795 2119 8774 2634
32 9058 4494 6610 5938 2472 6516 4530 3335 6615 4931 2083 4163 38 4290 1919 5427 5800 1726 4815 2229 646 8984 3365 4029 8739 2360 8779 3014 6074 4339 3529 697
25 9053 4392 3471 5031 7528 5224 2375 9675 5012 5793 1754 5024 8332 3747 8860 381 8230 6803 2787 9259 8632 3727 378 5372 4881
26 187 2765 1734 4802 5148 8681 5435 9461 8904 7450 2188 8604 3705 3723 645 3193 1581 6964 3935 1208 7263 5776 8032 6008 1791 233
25 7643 1312 598 4408 4183 6309 5053 8794 3490 3721 7290 3180 8614 4070 4372 3732 7325 9541 2240 8905 9335 6415 5736 3913 5921
29 3190 9031 5973 4957 9428 899 7347 3904 1802 2799 5440 636 2056 9008 9325 3359 538 7040 4826 3372 3017 9275 2476 8427 7220 3111 4297 1079 5240
26 3183 7297 2874 4386 4030 33 7748 6584 2176 6697 3131 799 920 2753 112 5419 1684 8161 7051 9357 1018 2294 1995 9124 7100 3530
26 4904 2793 8297 659 7790 3348 6550 7038 4527 6138 798 7340 6386 7025 7702 2315 7353 6039 9088 5888 8962 4367 7463 6762 5591 4605
31 3425 7222 928 9397 4942 2908 9762 7401 4519 3975 4179 2082 1358 6100 274 7558 3043 6487 7961 1084 1355 1528 7266 142 5019 1974 1957 9208 390 2985 511
25 2717 766 1590 5696 9708 4395 7675 5900 5490 4728 2255 9179 1103 5731 3891 6270 7085 9402 9539 7306 9020 1279 2776 4767 6575
26 7849 4236 3027 6032 6255 515 2298 9133 219 3863 6310 9448 5409 4328 3571 1213 5636 3178 7055 7453 2248 2862 2385 5543 8744 7936
32 6885 9054 7031 5197 4944 1600 9915 1542 7054 2433 3882 4888 2891 710 1721 9207 1719 4614 985 1286 9432 707 6886 6801 826 1878 6828 5491 2620 9403 7460 4576
32 8232 5475 8431 5997 9752 5210 4323 8645 8398 7709 5327 4456 8371 5027 4934 9596 595 268 976 3466 853 7454 6316 4850 4681 4360 9134 3328 9580 655 1367 5208
28 9822 5160 6543 6931 6890 8118 8052 6504 7691 7240 6015 1694 3817 2495 6612 8007 6545 9169 8866 599 6140 8021 4427 1481 6661 5294 3663 8629
29 6340 4501 8440 2769 4050 7773 3783 7526 6944 5975 8511 1867 9855 9158 5367 8436 1353 2979 1886 4404 5103 6571 9926 5190 7717 253 1071 966 5470
28 6430 6671 4996 9559 309 35 3556 4044 3908 4941 7076 5811 6115 3094 2759 2077 1840 3928 7963 7057 8357 1506 6899 6222 9579 4832 8631 1445
25 7851 5130 1909 5117 740 6112 7693 3254 2955 1493 4835 1261 2237 5356 9295 7003 8379 6870 921 9536 6431 9947 7852 8092 4037
30 3448 1271 7979 9459 8906 738 6105 6167 5105 1304 1872 9529 6862 6585 4410 917 8999 6649 4086 8674 9234 7137 8157 4624 5728 4688 1385 4827 8768 6576
27 6056 7642 1364 747 6374 1715 8250 1547 2774 3715 5028 521 2148 4180 6741 700 3869 3329 7783 3843 4445 9306 823 5819 415 5054 9982
27 8172 523 5564 8781 9416 8966 489 8239 250 4387 4589 6872 3631 8145 5198 9547 3939 8133 5385 8608 5754 3591 7619 9978 7923 3758 8887
29 5371 2864 6093 5965 2965 6985 3573 5253 5183 7135 6586 5169 1988 4565 5913 7532 7882 7159 3602 9528 2246 5923 3900 8136 3586 8542 9045 5698 5988
30 2870 3025 188 1554 837 6731 3114 7227 943 391 6287 8861 6878 863 5718 8051 9409 5357 5468 6401 1475 8633 4584 6929 9613 8484 8228 1484 7165 4361
35 9145 1817 3665 5528 2777 8745 8053 4933 5797 4969 7927 2132 4201 1524 2080 4743 522 7515 131 2432 8158 17 1379 3428 3969 945 725 2824 634 8935 9828 4592 5789 537 4659
26 2223 1833 4796 1807 3932 1267 4636 4948 7379 8262 9919 5768 2314 9411 8129 9046 9726 1400 1116 3189 3726 1628 8112 6366 7804 9837
29 2584 5645 5336 8017 9224 3177 4677 675 9350 743 7409 3892 4212 9278 3828 6846 9830 6689 6505 7095 366 3823 9849 3588 2478 8165 8487 8132 8395
31 5254 7787 2813 4717 2145 779 2768 6622 1160 4444 525 5397 5584 3407 7056 838 7692 3409 9040 1073 6529 3564 4772 7567 7228 4705 737 4600 7764 4254 85
30 4114 5837 6347 5113 8503 16 8074 3323 3716 7637 7513 3711 8603 5023 995 3431 123 914 4109 4509 4596 1955 7372 9305 50 2597 3948 6203 1369 9847
30 6975 6864 7575 8992 1131 1593 9571 383 7680 1419 5963 7877 2017 6345 4332 4378 2951 2407 5655 2490 4464 944 7302 4569 1337 44 7858 497 9152 5638
31 9141 8523 8740 7922 4219 5333 2752 1575 134 1012 6547 848 1683 8260 5000 3686 2010 9252 2130 8414 1584 4742 3788 4022 2579 5665 3943 6921 2616 9388 3080
29 6096 4759 3643 7449 1608 7728 4231 9943 9457 7755 6296 9910 9087 8815 7846 2743 1052 1439 9103 9518 1335 1699 4155 6408 8018 1015 3366 2530 7559
33 1111 4801 4349 4568 7871 7982 9408 158 7605 1767 9548 4696 9279 7099 4072 3073 6807 2447 7181 4305 2515 1343 4859 8510 399 7616 3959 6161 3589 6269 4418 8385 1199
32 3660 6330 474 2332 7042 2141 9322 8663 971 3151 8517 9267 2629 8437 865 412 1968 1530 86 1571 6466 5246 8444 5625 5339 8888 8393 1449 9535 7861 7178 2423
31 4891 6982 5049 2916 8714 5166 2608 2531 6994 9393 9634 4782 2416 6941 7077 3983 5026 4946 7684 875 165 9938 9649 8635 4979 1786 6972 5926 1615 2556 6804
26 7320 7205 6796 7699 5680 2279 3669 2337 2183 5983 2122 7596 4402 1029 264 2714 7994 7495 3206 1570 4510 4228 192 1295 4940 7010
20 2600 4878 6461 7251 6973 4655 5783 1342 4229 3228 2382 2893 8982 1265 4133 1357 2025 8712 9423 2016
28 295 846 8134 6961 3907 8954 8012 9599 2450 3905 9317 5592 6456 5137 2686 1498 2882 4310 1973 1910 5623 7339 7128 8527 5275 4540 1793 9600
25 9191 9696 5673 8472 1365 4318 2914 9719 3804 2868 8263 1132 2538 4990 3310 6129 3377 4139 3576 7570 1850 1078 2796 8682 2528
27 6781 275 2241 8851 3099 4976 9394 6764 290 8623 6183 4992 4829 2032 4112 1632 4847 5150 8138 2676 7913 1658 1005 7595 6932 6038 4594
32 3636 3210 3339 5129 7279 6322 4903 2673 2745 1821 6572 5904 3280 9812 822 7429 225 4943 1173 7500 247 4786 5111 3087 8344 5155 2285 9074 1947 7106 3958 1212
30 4967 8121 7014 9039 4607 6794 6551 3182 8292 5406 7105 2426 8722 2615 6692 6540 633 1346 7231 9345 6314 658 7786 6662 9198 5039 4746 1428 3540 7886
28 3353 3632 3551 1924 2459 8204 6779 8756 3272 6163 6472 5508 9012 3453 9501 8255 245 2798 9426 9534 5980 272 6290 1716 5882 3072 1851 5644
30 5482 9498 4751 7026 2126 393 9795 9338 4158 8055 3546 1709 8455 6352 3585 7844 7126 9617 1613 1366 9801 28 5663 1514 4012 7332 7930 3008 8194 2254
24 3187 1130 5966 4777 7381 1009 2233 5763 7942 6238 4215 2739 1535 9525 2650 7627 5264 6501 2302 8174 2571 3816 9188 5738
31 4611 534 6265 2263 3557 4304 606 499 5969 3784 1259 9420 4921 4873 2720 7404 8020 6484 8871 418 5154 3790 3475 7814 6109 7252 1841 2505 3467 950 9724
29 2849 377 3247 7380 432 4152 8991 1151 4341 715 8976 2877 3923 4551 7075 4335 52 1625 8656 5271 423 9450 9253 262 127 8374 1106 277 4275
27 820 8654 6778 3620 4739 6049 2762 2794 9990 2207 5222 8258 4243 3124 7388 2342 1977 2684 2941 772 4928 488 542 661 5196 2291 7471
28 9581 5801 6497 548 2169 3164 8958 4734 9854 1676 8253 4344 3926 9381 4125 8480 5692 9239 2641 5992 8202 4733 2926 581 8195 3956 8470 3818
29 8598 1204 9460 3701 6748 2353 9678 4278 6244 190 4289 2646 6705 359 6192 580 7556 5627 2700 7241 2543 506 9193 2885 31 2848 1638 2901 7641
26 719 8644 9662 915 5345 3126 3411 7679 3001 3297 2289 2558 9500 8878 2577 6063 7276 9823 2029 5139 4675 2729 2054 7729 8589 5284
27 7138 724 3075 6687 5247 2506 6844 7110 2674 2961 1032 7525 8337 6143 9959 6624 1567 2290 7943 4429 129 2363 7799 5521 8117 8416 1875
32 9392 4634 5740 8885 3259 6292 9242 4703 3984 2477 9203 5314 2656 3251 1914 6439 9469 1645 6232 1230 7685 6834 4563 7204 6101 5381 4039 6201 3940 3421 6830 1637
27 3016 5524 2583 9236 8751 304 6304 2853 5401 7671 5045 2948 5869 3441 1068 5622 9077 9647 1190 260 4024 8951 2987 3459 79 7817 3334
30 6507 1060 736 1907 232 2918 9238 0 6553 3234 199 4284 3622 1952 2617 5202 3672 3971 5236 2625 5920 3793 2438 8163 3577 2376 4105 2123 1136 2494
31 5588 3720 3775 1205 6983 9816 795 1138 6446 1882 7869 8668 9035 5395 3798 1490 3894 623 6106 3885 6083 97 151 1912 8818 1470 3406 120 7806 2367 5885
30 5832 2954 130 6815 9803 1917 3785 5192 8769 1744 2730 512 1272 3814 2975 4159 1569 1987 5684 1232 9061 3483 372 197 3098 6833 5849 4923 6732 2565
31 8141 7760 1925 2803 7015 5472 3919 3623 3671 883 3675 3166 5906 9704 9389 5095 1221 8029 2754 9473 3077 1334 767 1782 8789 9069 9143 7951 5845 4135 6952
30 9106 5535 7695 5553 4480 3707 9549 7538 1433 2457 7190 3825 1589 3812 9091 1819 5546 1469 4406 1931 370 5602 6896 9578 29 8929 2626 8409 3901 7063
25 3249 7030 3899 8438 2578 7485 8569 1549 8602 1444 1436 4160 8148 5394 1033 4924 104 9013 4409 2282 4222 4384 1672 8443 2388
32 681 3198 8026 1398 4082 4788 9485 93 4550 7045 9173 5018 6378 5820 9196 8283 2245 7027 3976 7716 6194 9722 2865 3426 4993 5660 6660 12 5859 6626 6088 7456
28 2038 1359 8003 3954 1631 8201 3651 6750 8358 7122 6954 3136 5132 9935 4240 3125 5554 7959 4007 3270 757 9101 7551 5582 3734 9573 126 6202
33 6570 94 7946 7611 1278 4716 792 5596 793 1189 6989 6098 3759 8137 1636 9264 297 5252 2521 3621 5697 6934 6467 932 1108 442 8244 9765 1211 9882 4871 8694 6491
27 327 3581 4397 9584 6402 5258 3347 9235 4724 4652 3797 8448 8686 3393 5426 2216 3255 2023 4939 4102 9603 2383 7770 5918 3202 2213 9192
22 9351 6791 3496 8143 9454 2106 2613 4785 8191 2977 3061 3674 6384 649 3638 3142 8809 186 5016 9586 2431 1635
23 701 9568 7295 1025 6816 7751 3887 1082 1431 7352 5292 5833 9326 8373 8336 9429 3029 9691 5575 9112 9347 7885 722
26 1826 8504 8565 3331 3186 6036 5772 261 5068 4497 4892 3095 1249 4814 5003 7510 347 1331 1183 6659 5391 5430 501 4699 7805 6091
29 3592 5952 8481 9378 1644 5051 2801 2331 9658 2320 5501 3553 2833 3034 1383 2972 8491 6734 6023 7170 7269 7818 4210 6478 7152 8830 9731 5953 7492
29 7674 6785 3260 5115 968 5308 6123 5218 8377 5510 7876 2052 4002 2390 3700 4213 1887 3754 9779 8692 9028 6840 113 1454 3207 9904 9869 4516 7690
30 5835 4260 3209 1062 8586 4715 9751 9263 9302 2687 5146 9818 7873 4825 1144 3011 1936 1063 8529 4648 100 8705 4269 7594 1372 948 6153 3522 2059 9255
30 4115 3937 191 8566 3702 5990 1076 8257 8831 7960 8322 3545 1002 223 3981 557 1451 7199 6380 7626 3222 4016 3966 5328 5792 5184 6943 2329 4963 2288
31 586 7047 4766 1021 4650 7890 4186 7667 7087 8285 5587 2788 597 7407 7824 778 5332 5075 3137 3641 613 4541 3714 6700 5762 8763 8002 7090 9452 9343 592
30 3440 5030 9288 1437 8592 5942 7552 9606 434 4627 3326 1836 3865 8652 9793 6813 9651 1091 4161 1416 3799 505 5750 9639 6852 9977 6534 8895 8402 3767
30 1408 8227 3659 9984 2048 4009 5542 4221 4117 9885 7415 3608 9116 9135 5720 7681 2200 3088 7283 246 1065 3787 9176 2115 2567 9113 5948 6189 1653 9914
31 7782 1896 1556 2012 3268 9515 2339 5706 7061 8251 6515 2943 4687 2020 6665 6716 3096 6075 1047 803 1336 5060 8419 6691 9574 6066 3510 730 8037 2582 7774
25 4182 7529 6935 5400 8697 9462 9936 6218 4831 1749 1172 5063 9824 5732 5746 3013 7563 5722 1529 1277 8845 1607 2594 6480 5690
27 7277 9248 6151 8778 6113 8693 6027 2232 1610 8206 9654 6082 1621 318 2110 5043 6789 7507 2880 5089 6517 9637 7730 6901 574 6149 7260
27 8044 2330 8513 896 7986 2236 1854 6979 4446 9839 4401 4316 1796 1761 153 1736 7823 9017 6775 4886 579 3023 2063 4020 9991 4063 9770
21 3155 1768 6475 9755 9836 3412 5742 1219 4638 7531 6213 4723 7271 7591 3252 8405 4449 8192 2261 6573 9841
32 306 2711 8492 854 4046 2201 6411 9753 550 3362 4844 9057 9833 2811 4633 4421 8764 4496 4738 4572 1984 8361 9373 2210 7857 3135 7683 1798 5092 3106 8351 7917
33 8078 3693 2205 4442 208 3033 320 2489 4880 5425 7036 5413 1708 9952 4147 2413 5943 4800 9671 705 8303 6984 7 9210 7445 6909 3214 3196 1486 9687 3468 2957 2661
31 8858 9692 9366 5153 1422 3455 2218 7910 4575 6160 3262 2040 6025 4343 6321 3616 9810 3499 2485 4059 9551 4513 4606 8430 4296 9881 3661 7791 6377 3918 5674
30 8544 6257 3772 5237 2756 2966 7158 5580 8532 4500 1516 7767 2120 7118 3446 210 9616 5758 6350 4438 6938 6604 7971 988 9602 7486 121 9071 7908 4678
29 3873 8177 5721 4803 9175 2186 9484 5052 7278 9994 893 9979 6178 1056 7588 7233 3514 982 775 5295 4389 8331 7550 5743 3861 8770 2487 9555 8618
24 9601 8543 8829 1390 8368 9585 760 4194 9093 7875 7387 8857 4430 7682 3287 5825 6307 9137 7565 1859 8084 6360 5667 4866
26 3216 3681 9632 7232 2775 2096 2542 4898 7811 5405 2842 664 6226 3047 6758 8827 9085 5929 7469 7687 7289 6011 2105 6776 2099 5666
25 3491 2607 4773 1756 53 5433 7392 4145 2260 7157 1892 7013 6204 299 8900 913 7954 770 6541 8045 4571 749 5256 8928 3059
26 1579 4474 3735 3764 4867 9055 7028 3500 2055 9821 8616 7247 1553 9923 9876 3458 8217 5393 4670 6243 3032 1318 88 7094 5844 5361
27 4523 3877 554 8969 6482 5263 8063 8471 3949 6616 1302 6567 8369 5661 832 3963 6492 6110 7366 8923 1966 5234 9342 5813 3030 6179 6207
34 4119 6668 8205 1805 2244 9669 2101 8454 5639 2832 8974 8131 3277 2699 3635 3199 3646 7171 903 9981 6839 2696 364 9608 1997 3219 4631 7396 5907 8891 2532 4097 5033 7215
27 2586 159 8971 5537 7976 8711 1770 7317 5084 1837 8159 8507 777 7919 6483 9595 64 4595 6987 9684 5872 714 6654 4580 2008 6680 6413
31 9180 3240 8364 271 3064 6910 9258 5901 851 2983 8004 3742 1825 2780 3974 4098 8621 1598 5389 9985 807 3965 4558 3154 2269 9041 2828 9438 5836 9802 5987
35 3831 8184 4989 1746 9756 6150 629 9773 8933 3780 3158 5687 1158 1723 6849 5766 387 6010 5330 713 6841 2708 3837 2319 7333 7874 2733 3874 9374 4320 1937 1634 7223 7655 8696
26 3766 5583 7020 4476 2569 1592 3480 8700 5384 7503 9871 6735 9256 8135 1763 9626 1201 201 6733 2117 351 5527 7029 9003 2786 3595
24 1813 330 9804 7161 1597 9907 7361 2499 4388 5603 2184 4218 7088 9729 3820 4453 8825 8738 4999 1685 9924 3157 3138 7194
30 3709 5608 6888 6168 1123 9241 43 5822 7664 546 8801 1126 9367 5067 1122 9387 2379 7357 179 4778 1157 3230 9605 7048 9713 2703 4274 8062 3531 63
30 1999 5703 7487 6416 3518 3536 4018 62 5863 6744 3544 2509 872 9750 7459 3944 2981 6362 4033 2231 2309 6788 8930 2002 7892 25 4973 2716 845 4131
31 3922 8207 336 3264 6445 5436 7896 3745 565 9575 584 924 1418 3942 3108 4727 4054 398 8839 1970 7403 1455 3676 8160 6103 1790 2990 6305 5915 3857 5211
34 577 2202 2512 460 8701 1639 1306 4559 6263 8213 4127 4136 1320 6780 909 1135 981 4970 1403 1623 8107 8537 9946 1561 8030 7073 752 8515 4877 940 7002 5481 4235 7021
31 8786 9104 3476 780 5126 1203 2950 1149 4521 204 6914 686 239 6137 2165 6544 6426 3211 3599 2568 8847 4010 1803 3617 3223 9449 6774 4646 8100 870 6135
33 6042 5955 8073 7744 2013 1055 3644 5302 7483 7703 9363 8284 5905 877 7258 8675 7265 2225 1713 9683 8396 9480 8525 6383 4013 7287 8058 6136 2308 467 3101 6142 7527
28 7653 5326 4390 4170 1442 9856 2313 5843 2011 7941 2724 8015 3463 4538 7808 5272 4359 454 1696 2875 2392 7666 7125 6667 3474 4526 4635 4964
30 8424 3104 9213 4757 3009 1913 7607 2797 74 1692 8889 9628 4511 4925 2171 1504 1511 5248 912 2602 3566 6605 6126 3498 8747 2962 1404 5678 6647 1508
33 3875 7855 1956 9787 2140 979 2782 6395 8812 2415 6364 9482 9490 3568 5270 6653 8843 9509 4498 5853 5335 9298 8071 520 6548 3947 7977 7602 2510 5032 3931 1928 6806
29 526 8983 7636 3582 2168 8418 3587 987 3330 7706 8844 8435 8142 2508 6953 9567 3852 508 9516 7497 1155 9631 3752 181 7731 8986 4586 6133 5517
29 1808 405 4099 7383 1923 2770 4273 4134 87 2078 8347 567 8512 8149 3389 2108 302 5617 2045 3445 3749 8127 5719 1375 9679 5471 2999 2850 1648
29 9413 7382 5756 7448 9131 60 3036 5682 91 4190 1269 6357 753 9964 3879 7363 5531 4056 5288 8856 9245 4729 2566 9508 2405 1981 4680 7965 6055
27 5014 2785 2933 1197 7980 2637 4621 1485 9889 2924 644 1128 643 7757 6146 5773 524 6020 867 2159 5250 4959 7517 1464 3218 3062 5392
30 42 7115 5310 627 7176 5796 185 4745 6562 7916 6097 8573 8231 9736 4676 2593 9776 8947 1090 6095 4849 5518 2177 1728 4291 6495 5609 7997 212 8465
26 1717 2381 1425 6819 1776 163 2301 6817 2707 1248 5311 1630 3121 5108 568 7155 5640 6247 4253 4620 9950 1305 1361 6266 5779 9212
26 9168 1573 6319 726 665 676 5610 1322 1735 3167 886 7906 4689 4603 1171 9630 6334 6249 46 9638 8852 3706 4337 3668 6650 4347
35 8220 9360 314 1186 1036 4896 462 8072 3346 1784 7981 3683 3176 8499 3506 7935 2606 6429 1406 604 8210 6315 8671 6394 2605 3626 5571 9934 6988 8060 5374 1150 7270 2007 2894
27 9049 9194 3833 6640 9352 8936 5525 7488 7239 5506 4370 8325 2030 2325 9309 8796 2949 461 4653 8735 3627 6619 3274 5780 5618 2504 6627
33 3387 352 34 4909 6073 3722 704 1804 7878 5861 6531 9281 9090 7068 8665 2682 7557 5662 1351 9709 9701 4972 7571 5165 6144 898 8648 6248 6916 3024 2134 531 7414
32 7418 7901 929 6729 3921 5534 2085 706 132 9477 2536 8264 3481 6820 8214 6651 9300 3941 5716 9609 3978 5648 2899 4023 549 935 3338 3070 6141 8953 9748 711
35 9159 1938 1691 4006 9966 9129 7603 8549 4053 9537 9745 4758 409 5474 594 7771 5083 3435 3284 673 3684 4149 834 6195 3789 1072 4463 6317 9065 892 4346 5432 283 3748 9307
34 4078 2517 9417 2152 1410 9817 4165 4983 4722 5875 8249 6329 2243 1557 2887 4930 1308 4080 3927 5199 6739 6054 4711 8863 4744 885 6986 6260 1682 5985 2834 491 1001 4915
24 175 3452 1675 9640 8178 8000 8025 7336 1618 1650 5782 844 96 7932 2181 1246 7762 2871 3538 1447 3351 6503 4890 362
30 6423 8961 3460 6655 9130 9974 2258 703 8968 9451 9442 3508 3314 394 7620 1856 4471 8732 5076 2727 4493 500 7634 2471 1202 3699 149 5536 869 6479
27 8995 9243 4807 9646 7707 653 3019 6686 5296 5879 9760 7990 4425 9694 533 8908 2327 3085 8304 1884 1605 5452 3713 5402 3355 3970 2810
25 207 5865 5826 4718 9356 8920 5911 3379 7275 4375 8185 5048 3026 8175 4570 812 4787 8496 5203 4848 3163 1714 1655 4775 694
28 4935 3856 5881 3 8820 6766 1794 6341 4137 8642 6893 9187 2428 6743 733 8196 3244 5444 1844 9834 712 9348 2197 8197 2088 1270 4256 1177
29 9014 3235 7011 5109 2479 4192 7022 5303 3203 1098 4460 2522 9127 1206 8691 1879 2114 8601 492 3113 7425 5094 6641 4968 7520 1266 5729 6561 9478
35 2851 4469 1824 2496 8415 7698 6756 1740 4486 3439 9044 925 9376 5304 8661 345 7612 2424 8490 3657 4549 6877 8186 8997 9294 6381 4216 6477 880 2896 6713 2706 7843 6498 3422
31 102 8502 7511 128 1809 879 6618 4487 4736 257 8505 9497 9311 7859 48 8942 6714 5098 490 7832 9083 5893 2461 3990 5140 1669 9034 4407 6068 6271 8670
31 78 7704 1040 6231 1855 2024 7719 7369 5570 9339 4997 4062 7776 9092 8248 6684 2666 9424 2193 4027 2886 9911 3140 5735 5358 8169 1347 8516 2881 5635 4821
29 4768 6557 5967 1275 1080 3898 73 3479 3520 6300 3304 7610 1000 3846 916 1461 4414 3376 5957 4475 7041 8091 3002 1254 439 7926 3381 5991 9577
33 7584 5233 7689 350 6620 5151 1276 2359 8111 2591 6361 437 135 4818 3020 7701 3401 1664 815 4207 4321 5186 9641 1075 6118 6047 3053 8302 2170 8978 8360 4712 8805
30 9888 2191 6152 7481 82 5949 6554 2920 1944 9149 4040 532 76 3771 2973 5230 7763 7737 1741 326 3550 279 9000 136 2764 9550 9886 7192 5928 2630
28 9435 9166 7516 4455 294 2391 4953 8728 4440 1934 7740 7491 234 938 8370 7476 5431 3485 6219 2361 269 7461 2434 7604 480 7837 7654 2436
29 2209 3288 5889 9685 5349 8530 2746 9909 5010 4031 7727 2116 1870 1401 9177 30 9232 7750 6336 4499 9271 7530 1031 7019 2718 1227 7214 6240 8009
29 1574 2550 7720 417 5128 5116 3318 6286 2247 5757 6523 3813 2590 1034 3806 7167 6119 8333 6965 4399 591 5676 4209 7480 6040 7705 2737 6390 447
30 4189 626 3316 1210 1969 9504 5916 2728 7931 9842 3603 1880 2818 9081 99 7795 7217 8271 9337 1394 1775 8998 5558 3438 4664 9148 448 8151 7907 7722
29 8946 90 3579 5910 238 6409 6860 6188 6033 7267 3368 4637 4845 3805 2173 8291 3690 6043 6458 2621 4324 8326 2437 7342 3988 6722 8539 6969 6279
26 934 8246 8286 3598 2195 1133 771 980 2001 5568 1023 3246 3152 8867 5081 9487 3945 3600 2934 9903 344 7107 8024 4512 2155 6422
30 7426 5370 8152 3201 9899 3836 1677 2748 7541 8649 5403 7939 5281 5579 2576 3525 1088 226 9530 2750 5283 3413 6489 7523 486 8164 6798 4502 1627 6906
29 9189 9791 7724 7579 931 2138 2622 956 1707 9781 2071 4293 781 4862 369 7673 1950 9998 2192 7211 7250 2199 2065 7281 4995 4561 4461 5562 9827
27 1141 2414 7708 9785 8162 4286 4393 174 5293 8123 168 2373 3356 986 4617 9453 6539 5331 608 959 6679 6631 2731 9320 4735 936 9510
31 6229 1539 4057 1860 3350 3139 9489 3619 3604 6186 6233 3850 9247 1244 9118 6706 9507 8972 4610 241 7225 9807 9521 5607 9652 1686 2844 4895 6404 7066 9768
32 3153 6294 9891 2137 2058 4828 8528 7661 3484 5701 3584 9010 7962 7587 4177 8759 3567 5242 8495 9922 7710 9532 1388 7895 7644 9865 717 4820 1399 946 4014 3810
25 4466 7781 4794 7581 1758 3267 513 7338 1411 1028 465 7672 9466 1352 1496 3650 6396 1845 3397 6241 7139 2964 3909 2467 6632
30 4052 8468 9591 5529 6936 2755 9937 9864 4083 8215 2825 2121 1829 9763 3477 9666 3605 7700 3535 5498 7879 342 9265 7465 4362 3224 1287 860 5621 3021
29 1048 3505 7638 40 3950 5171 2154 939 3420 9949 8493 373 3507 8775 8761 6134 1057 5001 5884 3325 4763 1510 9206 4267 2991 7518 8893 321 3808
36 2805 1660 9868 4503 3679 5387 7109 1890 6211 5784 5274 1326 5601 2178 5890 2465 9160 3054 3692 6530 7803 1376 2344 348 7640 8612 727 7293 1381 8485 7711 6818 5466 4695 341 7756
33 3423 3832 1942 256 7323 4156 504 5353 2744 5457 9660 6800 7377 9051 6272 7344 8109 2251 2757 4557 2307 1523 8403 3738 8557 459 6339 4138 2779 9099 6673 9607 1868
30 6950 7545 7694 1926 1260 3292 9831 2642 975 7163 7835 9780 4906 9303 1046 3301 5479 3594 8800 495 7669 614 6335 8554 9805 3041 8596 9995 6656 6730
27 5919 8404 5492 9304 9790 6658 9107 266 4140 7983 116 1701 8338 254 8960 6768 7127 8869 3097 3689 6583 3450 9962 3168 2306 1533 960
29 1572 2698 3929 9200 4910 678 5744 5637 1064 9270 1545 1290 5488 1223 4756 7733 9717 1732 1291 4301 3115 9879 9514 235 6397 637 6587 7049 4087
29 6392 3171 4926 4355 209 3558 9986 1657 6236 7580 7374 3273 8956 8038 8475 4839 5505 583 842 6695 3394 5961 5589 4907 6920 2911 9866 8683 5273
30 4960 2091 7343 487 3811 4227 3703 5188 4975 1368 2194 110 7863 2852 6182 9299 3213 2292 8016 1180 3862 298 3559 5615 7280 9244 4237 3872 825 2783
27 8097 1415 477 2394 7489 3427 8211 9260 7037 7928 5347 954 4277 1866 2695 1013 8804 2449 8521 9486 5009 1378 2866 1263 6371 9404 1289
27 9371 551 3524 2343 1787 745 7592 1883 4822 6582 4132 680 1706 9011 4470 7732 7780 6031 3673 6799 2638 2095 5549 7726 4354 5365 647
28 1769 4049 3169 9933 5751 817 1178 7259 2295 8006 9395 200 8877 5289 5854 9355 8497 6827 3761 1362 7562 4176 754 4884 1509 5747 8784 6596
27 152 476 9506 6177 1681 791 4452 5369 1427 991 6814 9365 8630 4669 6617 7848 2271 3263 1432 8287 4721 4666 6533 8658 2371 4789 3116
26 660 6600 1325 3744 220 6978 5343 4306 8224 8245 7188 5118 6951 9844 305 7124 7888 4035 3569 827 5319 8647 814 843 9444 8307
28 6808 8579 7395 563 2239 555 2322 1759 974 7423 7432 1489 2235 4011 5104 6607 9021 478 8300 2458 8785 9468 1017 8802 5864 5685 5473 7887
31 4071 5941 3312 2042 7442 5868 8564 8873 1525 871 2931 1163 2408 6728 6701 3786 9098 3204 5123 1480 2827 2035 5364 1110 607 2328 2257 7677 1801 9296 8816
30 6424 6227 5557 2855 1140 7191 443 236 4350 901 4679 8089 5282 8279 7044 2888 9209 2945 5212 7428 9511 6132 6642 9859 7354 3649 5285 1315 849 2084
34 5057 1035 1842 1670 108 8717 5313 5368 1487 8365 8460 5821 3212 8150 7816 9072 4546 2939 9390 1457 6432 4103 1720 6417 2723 8457 9493 4613 9661 4961 4762 7978 2678 5723
30 1587 1599 3533 416 3951 6421 3443 7349 3802 9067 2502 2354 3063 1070 8780 1536 4244 884 6939 2131 4894 5626 3725 5753 6723 6917 8308 9900 3074 9643
34 5046 1424 276 3914 5855 7436 6099 150 9808 6715 8760 1309 6434 2539 2900 8446 7809 751 6072 1456 1 2488 3916 4234 1843 7452 699 5173 6002 641 9094 2968 3159 4747
33 8849 625 8730 8386 9699 170 6237 4587 3881 9955 7356 8680 7062 2097 7925 4435 8144 322 2675 1458 3370 5590 3890 6792 4604 9226 765 8408 8836 651 7968 9697 4916
27 9111 2086 4994 7219 3373 1257 9874 4093 4069 9439 8349 1895 8723 8689 2760 7355 8591 6026 6998 4094 5605 6081 5221 9285 1967 8771 2719
27 13 750 2649 2971 4144 1236 6902 484 1121 6185 9917 6590 6510 1771 559 5594 2910 6087 5267 5338 1077 3358 3729 6325 3962 9786 3708
29 6197 9826 1816 5632 3391 8266 2129 9415 8993 9126 9815 7802 5404 5259 5767 4855 2015 6977 6628 8587 9465 631 5563 7182 695 9953 9642 5897 9154
26 4764 5195 5298 2221 6643 9184 3192 8476 8413 7712 7130 2151 9513 3880 5708 4725 2688 7548 3307 9205 5101 8637 9912 3120 5042 7234
28 7937 3765 144 3855 5416 7974 3225 8897 8463 7468 5133 203 1548 1069 9222 6772 7196 5422 2112 7255 9472 195 9667 9863 4840 1105 5774 6173
27 9714 4581 9441 6765 4195 8584 6359 1810 8042 9973 9593 1214 9280 7739 9598 2653 8034 6853 9171 5656 5145 8772 9759 6041 8105 1327 470
29 4974 3630 2940 3763 1429 15 8093 4377 2601 8912 4241 2808 6454 8605 5450 5727 6323 1195 1578 535 5620 4971 8010 3066 8695 2448 6755 2561 6301
32 3590 1893 2418 1417 2395 8410 6652 1871 5142 3229 4945 6674 3174 6809 628 5606 6147 7307 6594 2341 324 5927 8 1478 6560 9524 2819 1765 1820 5712 3038 6246
26 602 9589 5914 9128 7985 5713 4307 2403 1317 1104 5279 8931 5847 4423 270 7898 756 8817 7198 8676 2074 7972 9705 3652 824 7775
29 9321 8561 8085 5041 7752 5520 8766 7412 2738 243 1852 8147 7400 4100 3360 2589 6414 5982 1848 9156 7083 154 1949 1827 9569 3352 6506 4345 9558
34 4141 7613 2005 2304 2430 6966 9329 311 4588 2989 2763 3986 3058 7213 6388 1146 7893 6220 7081 7079 7573 9005 4330 6004 5321 4920 1501 4121 4783 1281 7542 4793 9782 6405
28 7576 9117 1037 4239 9079 5460 7144 6753 4795 80 1679 3637 4383 4382 2761 2546 8401 6302 4780 4876 9775 622 2778 7991 9030 4268 5204 2338
21 570 5595 3682 4529 5058 6971 3398 7032 5200 3382 6433 5958 414 6526 7797 4932 9905 2422 5398 8583 9354
30 962 2146 6488 5669 6234 6677 5726 4302 1245 6419 2274 3532 1011 4028 9809 249 57 9564 5013 1743 5892 3739 3133 7967 5946 2667 9778 1601 7424 7577
26 7883 4951 227 1067 3417 7201 3854 4315 5090 878 2044 2500 6591 5775 9999 7103 4899 7444 9680 6769 2559 7477 5937 7089 6564 5486
27 4065 4662 3640 540 4710 908 5201 9554 9425 2892 4864 2028 1166 855 7493 8597 8599 8321 1563 8340 8428 5225 7119 4381 3583 145 7854
26 5465 6720 450 9732 4034 7482 2057 4282 2574 6274 8458 5350 7560 2645 1894 3400 1240 7262 2898 9319 1162 6289 1576 5559 6947 2149
29 7633 286 6578 8950 9190 2468 9456 7915 1888 6535 6606 3434 8899 8345 3010 2903 895 9283 2466 4118 2974 7599 1979 3613 6751 9698 4552 7934 3436
25 7662 8835 8875 9884 6481 784 4096 9565 9186 3340 8391 6648 3849 1661 2256 2658 9262 8973 1026 7451 2784 2046 6013 6447 5002
29 8099 2648 7569 5127 8234 4694 4799 4413 620 7847 8047 1319 2316 5073 1137 6111 2462 904 2113 3162 2402 5047 890 6592 8104 732 7788 2807 3375
30 9488 3503 6474 9139 768 6752 177 4792 1647 6449 8855 7663 9 8031 1828 507 4162 8626 401 5814 217 9948 8777 3354 587 4698 8070 8619 8479 2994
28 4753 8366 6046 5181 5229 2346 6990 1253 1370 5976 615 8008 7072 7725 8168 8996 2118 6064 657 5143 8411 8323 8994 2275 3349 4556 7187 7207
29 7914 1788 9470 7929 8890 6922 3731 1412 7393 4174 4504 1003 1170 6502 4902 1858 1224 5495 8795 1476 4709 2196 1153 2884 8823 8782 8270 5851 98
26 8346 6623 9273 3442 952 7621 6389 3647 323 8894 2153 9458 3028 4598 7058 7053 8707 3718 8048 9682 5380 4798 5586 4674 9650 9204
28 7148 6214 1407 2633 5086 1217 365 9182 6162 9220 2947 3315 3456 2632 2125 8498 2697 8571 5630 3012 9715 5686 3614 6532 3607 2075 8387 4329
30 3363 5325 4246 5069 1113 8624 3275 4394 4251 4385 1081 972 4882 4985 4045 539 2464 9681 8276 4534 7168 6107 8382 4403 1900 3842 4026 6881 5551 7534
25 4322 8299 6001 8952 2396 4628 7800 420 8617 6976 6406 4748 2982 8087 1502 2596 438 4731 1041 5243 3447 2953 8731 8574 5065
31 7427 7186 6683 6635 4966 1053 8421 5693 8727 3243 5355 6385 8318 2923 6085 428 4776 2445 6712 3248 6127 8524 6805 5824 5286 5337 8736 882 4714 5410 7652
27 4804 8372 3782 8464 9777 4858 4478 1730 5055 2725 5699 5852 189 8348 6451 2387 101 2806 3007 7504 6536 8456 4287 4224 6442 1268 5107
29 5777 4338 2469 2906 1220 2873 6427 3170 1602 6847 3791 6773 8639 6836 1552 8975 7218 6759 1565 5164 7434 5785 5765 7376 8522 6012 8548 3634 6441
30 746 957 281 8445 408 4298 8581 3156 3144 6609 1168 3191 1742 3807 178 7431 2581 1117 8269 5891 6913 2421 8088 5091 6251 453 575 287 1990 5823
26 4852 9445 4701 1148 2384 6313 5478 5315 1971 4064 6693 8939 9845 947 2564 2453 5979 6122 4536 2284 3995 8940 6761 5161 9100 1099
29 654 816 1192 5895 375 5714 6369 9975 8389 7993 2722 392 1899 2998 2817 5971 5040 3327 4861 8098 9843 8719 7658 2340 464 2501 5787 7174 9918
31 138 7494 9361 667 2051 3610 2644 3513 3654 4432 7419 6318 1460 4092 6646 8422 3470 4043 7141 742 2277 786 8342 316 1061 7386 3289 2516 7422 819 2451
27 1965 3860 2554 7864 422 7286 6566 630 9619 4938 7304 5951 2935 2389 3390 1507 4883 9659 7314 7821 9331 7583 6327 3451 2273 3071 7796
28 9543 2795 6928 4151 5182 589 964 4630 1519 5597 4732 2092 7300 7792 8254 1832 3319 4261 4770 9102 7659 4008 731 8916 6883 1027 9799 2518
28 1577 4238 5462 9120 6869 1760 319 9324 4272 6191 911 603 4128 9668 4819 9266 6035 6373 3593 8388 3542 1834 6181 1022 3719 6094 5021 969
30 8057 3756 2090 9635 9735 9097 1282 117 8874 5322 833 2946 3695 4813 4157 611 4656 1231 1940 5414 4810 5088 828 2732 1580 6784 7123 2879 4171 9895
28 9988 612 7397 6925 2049 970 9939 5235 1118 7472 1435 8721 4601 5993 6156 3897 1225 307 829 4854 6880 3469 5300 5560 6169 7470 9860 7417
26 2265 698 6959 5545 4415 2358 5323 1222 4672 5168 6276 3989 6252 1280 9800 2837 8288 6387 6957 5544 9086 9819 566 8501 1739 4184
25 1386 4066 5934 1700 2912 5022 541 8154 3130 8067 8734 2705 1544 5093 4477 4424 9560 3253 8208 562 3509 9004 5386 788 2296
28 1109 4805 6857 4917 6718 6727 1167 7202 6256 9664 3449 989 8713 183 4838 6326 9174 1338 1591 2861 6067 9225 3800 4947 1323 6217 6264 6216
27 2378 8653 4535 5226 3757 2519 9121 4809 3037 3341 2280 5290 6298 1838 7033 6565 4555 6725 9401 1159 8881 3572 5702 6717 1010 4707 3870
27 3123 3361 26 6382 6283 8884 4495 173 9006 7091 9993 2913 6948 7035 1783 5487 3371 19 8473 728 8474 5599 9557 2627 6303 9349 2668
28 2672 2563 7574 910 3746 5102 6221 841 4363 7209 5064 2520 5122 6698 2364 354 8198 7070 4225 6158 7905 2491 2976 9542 769 9383 7841 8265
26 5500 182 1751 6250 9621 684 8790 8328 6436 7784 1680 6145 8384 2704 7615 4740 2929 1426 6894 2932 3980 1443 7714 6577 556 1665
29 2417 6595 8356 2003 4250 1293 8572 380 7330 7345 4379 55 7623 6462 1927 335 3473 7433 3052 6514 8729 4255 4416 3930 8987 2041 8290 6960 4978
24 8709 8870 1983 479 2860 593 6868 5867 9848 8518 3648 3105 1182 3147 5808 3853 4752 9512 346 963 1877 6637 2781 1596
33 5062 9814 1752 5209 3324 1100 1024 9520 682 4089 7629 7484 7466 4101 7007 32 9552 9344 2372 9757 3418 8155 5672 9901 3768 206 5316 2454 2537 3697 2895 4539 4300
26 1641 2297 3051 4824 4622 2677 7327 5739 789 1039 4857 1724 5438 1494 4365 4051 4706 774 176 4154 8075 7618 3710 5526 1313 224
24 8551 27 2890 4067 3291 397 7777 8638 3313 1329 5830 3685 157 6438 3884 1471 5179 7904 7665 8742 3848 2927 5950 282
27 4077 8568 3128 2305 1863 9627 1300 385 106 1603 619 8862 6997 2076 3839 58 5978 6403 2174 3597 5932 6053 7807 7156 8959 265 9346
25 7324 1491 6664 3762 8910 3090 2281 7268 8967 331 5691 9002 5842 8242 4492 1780 6967 7646 6937 7034 4537 1479 6358 9398 8941
30 4398 5467 9940 2147 8913 1258 1725 2689 5382 642 7443 4294 2534 8329 6223 2299 9929 1649 3282 7535 8280 4462 5341 5657 3239 240 7631 2804 6546 900
32 666 23 328 7496 2 2135 3091 2410 7024 400 5530 353 5998 858 1642 5994 9359 7184 999 5755 303 4085 801 5977 5616 1814 3712 6324 3057 4685 3006 6787
24 3511 9538 4765 6754 1961 6866 1120 5366 2068 1389 6811 6757 6282 6644 6104 8684 3395 5995 3910 7647 8582 4422 6639 411
29 3815 553 6030 3844 1562 9961 9406 2562 1360 2643 4599 5015 8378 5577 386 8082 1656 463 6558 4781 5902 1811 8241 9476 9563 451 1991 7747 2497
24 6603 2365 6871 5244 1994 8488 4004 5071 1092 8808 1215 8334 1853 4737 2419 5340 9875 4285 5710 3257 5120 1594 990 2444
25 2182 502 6102 1380 4313 8442 1998 9437 6675 7462 6171 1402 339 7298 6175 1391 7881 2133 7373 5866 5437 5232 4872 1727 1993
30 4760 9446 8850 3781 5968 6876 9229 720 6630 2867 8350 8094 8066 965 3961 6924 762 8041 4649 122 2773 8716 349 2250 2618 8061 8353 1503 4875 9138
29 445 4980 1339 3005 3845 2053 3917 3871 2679 230 83 3134 8509 6398 5268 6078 2047 2362 6297 1200 9479 5305 3527 652 4380 3985 3645 8114 582
26 7828 2766 9522 9019 7867 4181 6007 9183 22 685 8469 8628 9029 8989 5817 5006 3102 6343 992 6131 9610 4326 6832 5231 4353 6663
30 3236 8669 9992 5668 6000 6710 5167 3429 7670 9089 2412 2262 8826 9672 3495 1876 3574 3824 5986 8822 3933 2655 2905 1930 7810 4619 2345 9767 4058 3642
30 9282 994 2442 5612 7625 9721 6437 8876 5297 6999 8536 109 9414 7146 4146 5741 3822 2580 3999 7940 1617 146 2162 8243 5459 4479 3840 2386 6843 9741
29 9925 8039 5334 61 6407 4834 289 5912 4692 6854 4325 734 1233 3298 7312 7953 7102 494 1495 4299 2662 5745 8101 2856 809 1518 2712 1473 977
31 4473 9246 5771 9075 288 171 7572 5424 8001 8783 2061 5100 4774 8821 6829 7346 9421 9734 2425 2839 5799 5087 7092 2669 8179 9082 3779 103 8298 1946 7649
32 5798 1196 3519 2350 6790 5448 813 5170 425 4263 4110 7614 7243 5442 9618 3502 376 2970 9400 1673 4645 325 6863 3245 1992 7274 4173 5629 9080 9916 3472 3143
27 9215 3704 687 2570 6410 5 9315 107 5176 9254 5514 3194 6763 6908 6006 2278 9471 3773 1356 1687 9364 6782 1333 4518 9161 1921 519
30 6669 6879 8797 4311 5654 8176 6057 356 3402 5694 510 4919 7114 95 2872 449 7622 1537 1640 5078 7819 4651 8985 1874 8081 7371 9968 7399 2157 3082
24 2993 1143 7402 3172 8699 5896 6522 670 7815 5106 3795 2984 3437 9119 7630 6850 1156 3433 9269 6080 6077 2211 7553 9932
25 7995 8927 7384 9806 7249 4553 7598 4457 6708 8562 7949 1294 9931 3344 6170 6124 2702 2073 5025 8252 6797 1543 9064 7537 7502
25 6845 4303 8125 4091 8120 5829 1264 4639 8022 2680 576 1643 8189 1452 9796 5447 6512 1702 9656 9972 2812 1396 4643 9527 973
25 1472 3827 810 4937 1250 8957 662 739 5578 92 585 1488 7273 4860 9746 1324 284 4336 2398 2691 5215 9829 8268 6061 4977
31 9155 4949 8383 1285 9286 8046 4730 9665 3541 2435 5496 4178 1045 5828 7104 5220 2300 7438 5415 5641 7920 8229 6420 7197 6209 9221 3208 4702 6028 2143 6898
30 3256 8406 9037 3044 9612 2747 147 9898 1083 5059 5124 9906 1321 5761 5972 2527 7836 8420 3031 9944 4668 4308 3994 8606 8567 7970 937 7004 3048 8636
26 3145 7313 811 9385 3396 2930 1344 6473 9562 8892 3241 2967 9430 2287 4693 6962 9928 8703 6645 9399 8433 8363 9023 2357 7938 6835
30 993 4447 8934 8949 5940 7715 9272 8506 9733 1671 8917 8943 4021 7308 6337 1774 8550 9483 618 8921 1164 4041 4912 9503 6086 105 6867 7246 5717 1185
28 9340 1187 1492 2000 2252 3680 8417 1904 1777 4055 5749 4720 9228 5848 8925 5135 9050 7437 4911 1733 6568 3294 5981 3084 1181 7921 503 6065
27 558 7566 5134 5005 2992 9078 1007 1861 6707 3290 1962 8814 2560 8610 3886 6079 7813 3378 9009 9048 4283 7734 196 4981 9505 2809 2659
28 2452 5097 8170 8400 961 4249 3122 8679 7111 7097 2100 2826 6187 5581 1054 2226 5174 5989 5038 1806 3792 7113 6254 5158 4196 8750 6513 3399
31 671 9157 3501 6155 663 2701 4252 1004 1340 902 3912 8588 8593 9970 7284 6552 5664 5839 8578 8028 481 6958 6346 7303 8965 8247 5633 3083 5050 8898 3876
28 4661 7256 9561 6699 3405 7086 8673 8793 472 2230 1622 8153 741 3416 3132 4317 1382 7758 4843 3231 1619 748 114 4108 9582 8236 696 4771
27 4616 3878 9743 1139 9073 2535 4248 5619 3299 7142 194 9720 2474 9434 2845 214 8295 7829 5816 672 1513 7301 2751 509 4841 2814 1778
30 2636 3076 7216 2604 5461 357 6520 6125 5318 5348 184 1797 7000 1044 4713 1409 2206 830 1652 5362 329 6923 2545 7074 5342 4271 1705 3957 3829 2507
27 7822 6980 5476 7416 5082 164 927 5159 4542 452 1799 5411 475 7212 5187 1341 4686 2347 1586 9620 9576 2203 7166 172 3161 3305 3769
29 395 9913 1712 5112 9636 215 167 3803 1354 8466 1564 5309 1933 6206 6114 4602 2475 5790 8773 4654 9920 2081 118 6342 4038 859 1629 5930 7272
26 8407 9447 4754 1066 5999 721 1042 3625 5278 3565 84 4612 2657 7238 6166 5730 6180 8310 2726 1296 3864 7360 3687 41 2493 6598
27 9872 4671 5245 850 3150 5574 6580 4116 3430 9368 6927 5441 6486 6945 1413 4522 3068 424 9644 4198 317 1527 8672 5734 9971 2456 4625
26 6190 1014 3612 873 1674 9533 3934 2303 1020 569 5162 6253 4918 2869 2312 536 8429 9566 6070 3165 2336 6569 5261 47 6955 9556
28 2823 7006 8919 3410 1604 2242 8478 926 1620 6037 2928 2878 2790 6176 231 4258 4191 6045 5034 9663 3309 6694 9945 7490 6356 4437 7608 1911
32 5552 9594 436 528 1560 1659 343 5079 8828 9870 8238 5429 4019 3127 6399 7948 5373 5924 9297 7975 7447 1006 433 3561 7498 5764 5725 6783 3404 5227 7947 7348
25 1753 5532 9930 2815 5251 4887 8834 1127 6824 3078 2897 7589 5909 7069 5628 5841 4357 6199 7226 162 1086 894 5110 3173 7899
31 6638 7639 5886 1520 3992 1515 590 5670 2142 3086 9690 9771 4374 140 8426 2060 4340 1781 180 3973 2831 5922 6771 6593 3112 1815 891 3664 2670 7294 6625
28 8595 6597 5917 8841 1465 4309 4874 3774 1526 8294 4428 1847 4779 998 9276 2227 2690 6736 1729 6196 296 632 3938 1119 5711 5870 7839 6017
32 2652 1125 7183 5483 3295 7519 9115 2167 8970 7296 8848 7405 3678 59 5818 564 5306 8787 7564 3895 2411 3261 4991 3967 7420 9313 723 942 251 3311 9164 7362
35 3233 1038 1779 3050 3283 2840 5138 1440 8741 9954 4204 9728 1405 5874 4199 361 7889 3293 9896 2473 2997 1273 7160 1008 797 2612 3841 3141 2104 3015 8981 9474 7474 518 3107
30 3902 2163 2713 3991 3698 2526 7721 7375 3040 8911 9851 6795 4691 332 6224 5428 729 9588 6376 7248 4812 148 9114 7224 6981 4531 4811 340 8514 6014
28 601 482 7918 4279 1558 9147 3847 1243 6793 3724 4095 5329 9655 3415 6996 6904 1918 6940 2492 2208 5494 9744 8079 4426 9878 426 5280 4331
30 8315 2847 5794 8540 4126 9540 1194 9274 4726 7131 7766 527 9769 8124 193 8226 9405 9162 9614 3915 3736 8069 8275 8902 1951 4615 5344 4548 119 8096
28 9742 1568 4433 6117 2614 7147 3049 4472 5878 2835 384 9007 1262 1094 9673 5493 2270 3414 8086 6608 9146 7389 6355 8838 8955 3796 8743 5418
31 9284 9718 7358 1051 5724 6280 6205 6538 7078 8289 4281 2647 334 1303 2014 8489 2185 2187 6802 7143 4441 6949 3964 668 3022 735 3998 1762 8225 5044 2107
29 9211 3181 7309 1818 1175 7723 3537 6500 3997 2238 1420 1193 1207 9545 3819 5265 8901 6306 3184 1252 8600 8508 9496 9036 8811 9025 4197 9358 4690
24 8090 3384 1704 7060 3380 7865 9583 8641 1307 4262 5420 2859 5451 9261 2540 1616 4482 7350 8380 5649 5677 7121 5276 3554
32 7609 5846 2876 8083 7116 9391 308 2158 2175 9499 4900 4396 2802 4582 115 6749 6742 8190 2740 6963 4865 6120 2592 4806 2317 9789 374 4450 6490 6524 4791 4956
31 1466 3562 9887 3911 8833 6634 6295 1792 70 868 3515 6581 9739 2944 5072 4623 6288 2259 4987 4846 8181 6825 9657 5709 9686 8043 1975 9422 1678 3555 2980
28 8724 4574 3383 2715 2736 5658 8615 5307 7872 2179 9531 4334 933 5249 8482 7656 9893 355 9396 5871 1019 4608 396 9463 1916 561 5877 9163
28 5354 1348 3333 9956 9382 7769 1229 5390 6711 4032 7321 9707 7018 9122 7206 2660 4837 9965 2377 2079 9181 6076 2094 8305 2400 8640 1864 3952
27 6891 8896 5185 4200 8500 8441 4885 9056 5036 4223 9216 609 4420 6450 4280 3662 3432 2128 6527 5778 4073 1982 9301 8203 547 4962 7688
23 5262 498 3953 4005 2018 9880 3185 4247 8013 4591 5611 6915 3220 5191 3343 3004 8868 1945 1953 7897 8749 6823 8180
27 9858 5149 9227 3149 8193 8281 5446 4205 8274 8477 5412 2004 8650 5443 388 6050 7285 2127 1922 4000 6911 640 7738 9293 6633 764 7153
27 7735 5939 9336 4481 3322 4697 1750 6738 9327 6918 6460 6721 5947 4761 5652 8319 8116 7064 5807 3691 2160 856 5569 3226 8216 5269 7364
26 3611 9136 7331 1239 1612 690 1299 9240 9314 2009 4533 4583 4851 7924 2663 7964 8570 1722 5004 9377 2264 8376 8918 4364 8392 4901
22 9890 1377 89 7151 8462 9362 8840 21 1228 529 8390 2683 9877 650 1101 469 7754 9766 3936 3197 2969 3444
26 9328 4543 6200 9202 7969 1049 2401 6676 4185 4958 5781 3982 3464 669 56 9070 2665 4554 8806 3750 8556 3493 6052 5970 9873 8311
25 1764 9695 6258 8613 6348 8594 6859 5396 3777 3835 3548 8115 1873 5114 5485 440 5458 7749 3523 6089 293 6239 8690 7521 7322
30 8267 8399 3385 8324 1059 4391 7870 2027 2937 8483 4124 4564 3629 4090 8355 758 6400 6900 5858 8064 8209 267 8853 1869 8555 7050 6320 3285 9481 1363
